#
# There is insufficient memory for the Java Runtime Environment to continue.
# Native memory allocation (malloc) failed to allocate 83886080 bytes for committing reserved memory.
# Possible reasons:
#   The system is out of physical RAM or swap space
#   In 32 bit mode, the process size limit was hit
# Possible solutions:
#   Reduce memory load on the system
#   Increase physical memory or swap space
#   Check if swap backing store is full
#   Use 64 bit Java on a 64 bit OS
#   Decrease Java heap size (-Xmx/-Xms)
#   Decrease number of Java threads
#   Decrease Java thread stack sizes (-Xss)
#   Set larger code cache with -XX:ReservedCodeCacheSize=
# This output file may be truncated or incomplete.
#
#  Out of Memory Error (os_linux.cpp:2798), pid=24346, tid=140074858522368
#
# JRE version: OpenJDK Runtime Environment (7.0_65-b32) (build 1.7.0_65-b32)
# Java VM: OpenJDK 64-Bit Server VM (24.65-b04 mixed mode linux-amd64 compressed oops)
# Derivative: IcedTea 2.5.3
# Distribution: Ubuntu 14.04 LTS, package 7u71-2.5.3-0ubuntu0.14.04.1
# Failed to write core dump. Core dumps have been disabled. To enable core dumping, try "ulimit -c unlimited" before starting Java again
#

---------------  T H R E A D  ---------------

Current thread (0x00007f65bc13c800):  VMThread [stack: 0x00007f65b81f2000,0x00007f65b82f3000] [id=24359]

Stack: [0x00007f65b81f2000,0x00007f65b82f3000],  sp=0x00007f65b82f1490,  free space=1021k
Native frames: (J=compiled Java code, j=interpreted, Vv=VM code, C=native code)
V  [libjvm.so+0x948b05]  VMError::report_and_die()+0x175
V  [libjvm.so+0x48bc34]  report_vm_out_of_memory(char const*, int, unsigned long, char const*)+0x74
V  [libjvm.so+0x7c7bfb]  os::pd_commit_memory(char*, unsigned long, unsigned long, bool)+0xeb
V  [libjvm.so+0x7c26bf]  os::commit_memory(char*, unsigned long, unsigned long, bool)+0x1f
V  [libjvm.so+0x833e4b]  PSVirtualSpace::expand_by(unsigned long)+0x5b
V  [libjvm.so+0x834ca0]  PSYoungGen::resize_generation(unsigned long, unsigned long)+0xb0
V  [libjvm.so+0x83538b]  PSYoungGen::resize(unsigned long, unsigned long)+0x1b
V  [libjvm.so+0x831670]  PSScavenge::invoke_no_policy()+0xde0
V  [libjvm.so+0x831e48]  PSScavenge::invoke()+0x38
V  [libjvm.so+0x7e8823]  ParallelScavengeHeap::failed_mem_allocate(unsigned long)+0x63
V  [libjvm.so+0x94a504]  VM_ParallelGCFailedAllocation::doit()+0x84
V  [libjvm.so+0x94e9f7]  VM_Operation::evaluate()+0x47
V  [libjvm.so+0x94d368]  VMThread::evaluate_operation(VM_Operation*)+0x318
V  [libjvm.so+0x94d7c9]  VMThread::loop()+0x219
V  [libjvm.so+0x94dc12]  VMThread::run()+0x72
V  [libjvm.so+0x7c4ac2]  java_start(Thread*)+0xf2

VM_Operation (0x00007f65c446c430): ParallelGCFailedAllocation, mode: safepoint, requested by thread 0x00007f65bc00a000


---------------  P R O C E S S  ---------------

Java Threads: ( => current thread )
  0x00007f65bc177800 JavaThread "Service Thread" daemon [_thread_blocked, id=24365, stack(0x00007f65b0ee9000,0x00007f65b0fea000)]
  0x00007f65bc175800 JavaThread "C2 CompilerThread1" daemon [_thread_blocked, id=24364, stack(0x00007f65b0fea000,0x00007f65b10eb000)]
  0x00007f65bc172800 JavaThread "C2 CompilerThread0" daemon [_thread_blocked, id=24363, stack(0x00007f65b10eb000,0x00007f65b11ec000)]
  0x00007f65bc170800 JavaThread "Signal Dispatcher" daemon [_thread_blocked, id=24362, stack(0x00007f65b11ec000,0x00007f65b12ed000)]
  0x00007f65bc143000 JavaThread "Finalizer" daemon [_thread_blocked, id=24361, stack(0x00007f65b19cf000,0x00007f65b1ad0000)]
  0x00007f65bc141000 JavaThread "Reference Handler" daemon [_thread_blocked, id=24360, stack(0x00007f65b80f1000,0x00007f65b81f2000)]
  0x00007f65bc00a000 JavaThread "main" [_thread_blocked, id=24354, stack(0x00007f65c436d000,0x00007f65c446e000)]

Other Threads:
=>0x00007f65bc13c800 VMThread [stack: 0x00007f65b81f2000,0x00007f65b82f3000] [id=24359]
  0x00007f65bc182800 WatcherThread [stack: 0x00007f65b0de8000,0x00007f65b0ee9000] [id=24366]

VM state:at safepoint (normal execution)

VM Mutex/Monitor currently owned by a thread:  ([mutex/lock_event])
[0x00007f65bc006660] Threads_lock - owner thread: 0x00007f65bc13c800
[0x00007f65bc006b60] Heap_lock - owner thread: 0x00007f65bc00a000

Heap
 PSYoungGen      total 68608K, used 5067K [0x00000000eaa80000, 0x00000000ef280000, 0x0000000100000000)
  eden space 63488K, 0% used [0x00000000eaa80000,0x00000000eaa80000,0x00000000ee880000)
  from space 5120K, 98% used [0x00000000ee880000,0x00000000eed72e08,0x00000000eed80000)
  to   space 5120K, 0% used [0x00000000eed80000,0x00000000eed80000,0x00000000ef280000)
 ParOldGen       total 83456K, used 40649K [0x00000000c0000000, 0x00000000c5180000, 0x00000000eaa80000)
  object space 83456K, 48% used [0x00000000c0000000,0x00000000c27b2688,0x00000000c5180000)
 PSPermGen       total 21504K, used 6943K [0x00000000b5a00000, 0x00000000b6f00000, 0x00000000c0000000)
  object space 21504K, 32% used [0x00000000b5a00000,0x00000000b60c7c20,0x00000000b6f00000)

Card table byte_map: [0x00007f65c0d59000,0x00007f65c0fad000] byte_map_base: 0x00007f65c07ac000

Polling page: 0x00007f65c4487000

Code Cache  [0x00007f65b9000000, 0x00007f65b9270000, 0x00007f65bc000000)
 total_blobs=724 nmethods=472 adapters=205 free_code_cache=47853Kb largest_free_block=48965760

Compilation events (10 events):
Event: 2.683 Thread 0x00007f65bc172800  468             com.android.dx.io.instructions.InstructionCodec$15::decode (54 bytes)
Event: 2.683 Thread 0x00007f65bc175800  469             com.android.dx.io.instructions.InstructionCodec$15::encode (29 bytes)
Event: 2.686 Thread 0x00007f65bc172800 nmethod 468 0x00007f65b9142f90 code [0x00007f65b91430e0, 0x00007f65b91432b8]
Event: 2.686 Thread 0x00007f65bc172800  470             com.android.dx.io.instructions.DecodedInstruction::getLiteralByte (58 bytes)
Event: 2.686 Thread 0x00007f65bc172800 nmethod 470 0x00007f65b9145350 code [0x00007f65b9145480, 0x00007f65b91454f8]
Event: 2.686 Thread 0x00007f65bc175800 nmethod 469 0x00007f65b9142910 code [0x00007f65b9142a80, 0x00007f65b9142cb8]
Event: 2.708 Thread 0x00007f65bc172800  471             com.android.dx.io.instructions.DecodedInstruction::getLiteralUnit (55 bytes)
Event: 2.709 Thread 0x00007f65bc172800 nmethod 471 0x00007f65b91426d0 code [0x00007f65b9142800, 0x00007f65b9142878]
Event: 2.723 Thread 0x00007f65bc175800  472             java.lang.String::<init> (67 bytes)
Event: 2.727 Thread 0x00007f65bc175800 nmethod 472 0x00007f65b9146510 code [0x00007f65b9146660, 0x00007f65b91468f8]

GC Heap History (9 events):
Event: 1.328 GC heap before
{Heap before GC invocations=1 (full 0):
 PSYoungGen      total 36864K, used 31744K [0x00000000eaa80000, 0x00000000ed380000, 0x0000000100000000)
  eden space 31744K, 100% used [0x00000000eaa80000,0x00000000ec980000,0x00000000ec980000)
  from space 5120K, 0% used [0x00000000ece80000,0x00000000ece80000,0x00000000ed380000)
  to   space 5120K, 0% used [0x00000000ec980000,0x00000000ec980000,0x00000000ece80000)
 ParOldGen       total 83456K, used 0K [0x00000000c0000000, 0x00000000c5180000, 0x00000000eaa80000)
  object space 83456K, 0% used [0x00000000c0000000,0x00000000c0000000,0x00000000c5180000)
 PSPermGen       total 21504K, used 6569K [0x00000000b5a00000, 0x00000000b6f00000, 0x00000000c0000000)
  object space 21504K, 30% used [0x00000000b5a00000,0x00000000b606a630,0x00000000b6f00000)
Event: 1.336 GC heap after
Heap after GC invocations=1 (full 0):
 PSYoungGen      total 36864K, used 5114K [0x00000000eaa80000, 0x00000000ed380000, 0x0000000100000000)
  eden space 31744K, 0% used [0x00000000eaa80000,0x00000000eaa80000,0x00000000ec980000)
  from space 5120K, 99% used [0x00000000ec980000,0x00000000ece7e838,0x00000000ece80000)
  to   space 5120K, 0% used [0x00000000ece80000,0x00000000ece80000,0x00000000ed380000)
 ParOldGen       total 83456K, used 3882K [0x00000000c0000000, 0x00000000c5180000, 0x00000000eaa80000)
  object space 83456K, 4% used [0x00000000c0000000,0x00000000c03ca890,0x00000000c5180000)
 PSPermGen       total 21504K, used 6569K [0x00000000b5a00000, 0x00000000b6f00000, 0x00000000c0000000)
  object space 21504K, 30% used [0x00000000b5a00000,0x00000000b606a630,0x00000000b6f00000)
}
Event: 1.935 GC heap before
{Heap before GC invocations=2 (full 0):
 PSYoungGen      total 36864K, used 36858K [0x00000000eaa80000, 0x00000000ed380000, 0x0000000100000000)
  eden space 31744K, 100% used [0x00000000eaa80000,0x00000000ec980000,0x00000000ec980000)
  from space 5120K, 99% used [0x00000000ec980000,0x00000000ece7e838,0x00000000ece80000)
  to   space 5120K, 0% used [0x00000000ece80000,0x00000000ece80000,0x00000000ed380000)
 ParOldGen       total 83456K, used 3882K [0x00000000c0000000, 0x00000000c5180000, 0x00000000eaa80000)
  object space 83456K, 4% used [0x00000000c0000000,0x00000000c03ca890,0x00000000c5180000)
 PSPermGen       total 21504K, used 6803K [0x00000000b5a00000, 0x00000000b6f00000, 0x00000000c0000000)
  object space 21504K, 31% used [0x00000000b5a00000,0x00000000b60a4da8,0x00000000b6f00000)
Event: 1.947 GC heap after
Heap after GC invocations=2 (full 0):
 PSYoungGen      total 36864K, used 5089K [0x00000000eaa80000, 0x00000000ef280000, 0x0000000100000000)
  eden space 31744K, 0% used [0x00000000eaa80000,0x00000000eaa80000,0x00000000ec980000)
  from space 5120K, 99% used [0x00000000ece80000,0x00000000ed378770,0x00000000ed380000)
  to   space 5120K, 0% used [0x00000000ec980000,0x00000000ec980000,0x00000000ece80000)
 ParOldGen       total 83456K, used 5810K [0x00000000c0000000, 0x00000000c5180000, 0x00000000eaa80000)
  object space 83456K, 6% used [0x00000000c0000000,0x00000000c05acb50,0x00000000c5180000)
 PSPermGen       total 21504K, used 6803K [0x00000000b5a00000, 0x00000000b6f00000, 0x00000000c0000000)
  object space 21504K, 31% used [0x00000000b5a00000,0x00000000b60a4da8,0x00000000b6f00000)
}
Event: 2.241 GC heap before
{Heap before GC invocations=3 (full 0):
 PSYoungGen      total 36864K, used 36833K [0x00000000eaa80000, 0x00000000ef280000, 0x0000000100000000)
  eden space 31744K, 100% used [0x00000000eaa80000,0x00000000ec980000,0x00000000ec980000)
  from space 5120K, 99% used [0x00000000ece80000,0x00000000ed378770,0x00000000ed380000)
  to   space 5120K, 0% used [0x00000000ec980000,0x00000000ec980000,0x00000000ece80000)
 ParOldGen       total 83456K, used 5810K [0x00000000c0000000, 0x00000000c5180000, 0x00000000eaa80000)
  object space 83456K, 6% used [0x00000000c0000000,0x00000000c05acb50,0x00000000c5180000)
 PSPermGen       total 21504K, used 6836K [0x00000000b5a00000, 0x00000000b6f00000, 0x00000000c0000000)
  object space 21504K, 31% used [0x00000000b5a00000,0x00000000b60ad0b0,0x00000000b6f00000)
Event: 2.265 GC heap after
Heap after GC invocations=3 (full 0):
 PSYoungGen      total 36864K, used 5088K [0x00000000eaa80000, 0x00000000ef280000, 0x0000000100000000)
  eden space 31744K, 0% used [0x00000000eaa80000,0x00000000eaa80000,0x00000000ec980000)
  from space 5120K, 99% used [0x00000000ec980000,0x00000000ece78288,0x00000000ece80000)
  to   space 5120K, 0% used [0x00000000eed80000,0x00000000eed80000,0x00000000ef280000)
 ParOldGen       total 83456K, used 13857K [0x00000000c0000000, 0x00000000c5180000, 0x00000000eaa80000)
  object space 83456K, 16% used [0x00000000c0000000,0x00000000c0d88670,0x00000000c5180000)
 PSPermGen       total 21504K, used 6836K [0x00000000b5a00000, 0x00000000b6f00000, 0x00000000c0000000)
  object space 21504K, 31% used [0x00000000b5a00000,0x00000000b60ad0b0,0x00000000b6f00000)
}
Event: 2.445 GC heap before
{Heap before GC invocations=4 (full 0):
 PSYoungGen      total 36864K, used 36832K [0x00000000eaa80000, 0x00000000ef280000, 0x0000000100000000)
  eden space 31744K, 100% used [0x00000000eaa80000,0x00000000ec980000,0x00000000ec980000)
  from space 5120K, 99% used [0x00000000ec980000,0x00000000ece78288,0x00000000ece80000)
  to   space 5120K, 0% used [0x00000000eed80000,0x00000000eed80000,0x00000000ef280000)
 ParOldGen       total 83456K, used 13857K [0x00000000c0000000, 0x00000000c5180000, 0x00000000eaa80000)
  object space 83456K, 16% used [0x00000000c0000000,0x00000000c0d88670,0x00000000c5180000)
 PSPermGen       total 21504K, used 6845K [0x00000000b5a00000, 0x00000000b6f00000, 0x00000000c0000000)
  object space 21504K, 31% used [0x00000000b5a00000,0x00000000b60af5d0,0x00000000b6f00000)
Event: 2.459 GC heap after
Heap after GC invocations=4 (full 0):
 PSYoungGen      total 68608K, used 5035K [0x00000000eaa80000, 0x00000000ef280000, 0x0000000100000000)
  eden space 63488K, 0% used [0x00000000eaa80000,0x00000000eaa80000,0x00000000ee880000)
  from space 5120K, 98% used [0x00000000eed80000,0x00000000ef26ad28,0x00000000ef280000)
  to   space 5120K, 0% used [0x00000000ee880000,0x00000000ee880000,0x00000000eed80000)
 ParOldGen       total 83456K, used 27884K [0x00000000c0000000, 0x00000000c5180000, 0x00000000eaa80000)
  object space 83456K, 33% used [0x00000000c0000000,0x00000000c1b3b1d8,0x00000000c5180000)
 PSPermGen       total 21504K, used 6845K [0x00000000b5a00000, 0x00000000b6f00000, 0x00000000c0000000)
  object space 21504K, 31% used [0x00000000b5a00000,0x00000000b60af5d0,0x00000000b6f00000)
}
Event: 2.891 GC heap before
{Heap before GC invocations=5 (full 0):
 PSYoungGen      total 68608K, used 68523K [0x00000000eaa80000, 0x00000000ef280000, 0x0000000100000000)
  eden space 63488K, 100% used [0x00000000eaa80000,0x00000000ee880000,0x00000000ee880000)
  from space 5120K, 98% used [0x00000000eed80000,0x00000000ef26ad28,0x00000000ef280000)
  to   space 5120K, 0% used [0x00000000ee880000,0x00000000ee880000,0x00000000eed80000)
 ParOldGen       total 83456K, used 27884K [0x00000000c0000000, 0x00000000c5180000, 0x00000000eaa80000)
  object space 83456K, 33% used [0x00000000c0000000,0x00000000c1b3b1d8,0x00000000c5180000)
 PSPermGen       total 21504K, used 6943K [0x00000000b5a00000, 0x00000000b6f00000, 0x00000000c0000000)
  object space 21504K, 32% used [0x00000000b5a00000,0x00000000b60c7c20,0x00000000b6f00000)

Deoptimization events (6 events):
Event: 1.427 Thread 0x00007f65bc00a000 Uncommon trap: reason=predicate action=maybe_recompile pc=0x00007f65b909fe98 method=com.android.dex.Leb128.readUnsignedLeb128(Lcom/android/dex/util/ByteInput;)I @ 41
Event: 2.061 Thread 0x00007f65bc00a000 Uncommon trap: reason=predicate action=maybe_recompile pc=0x00007f65b90e4230 method=java.util.ComparableTimSort.binarySort([Ljava/lang/Object;III)V @ 37
Event: 2.303 Thread 0x00007f65bc00a000 Uncommon trap: reason=array_check action=maybe_recompile pc=0x00007f65b91094cc method=java.util.ComparableTimSort.binarySort([Ljava/lang/Object;III)V @ 193
Event: 2.435 Thread 0x00007f65bc00a000 Uncommon trap: reason=array_check action=maybe_recompile pc=0x00007f65b91094cc method=java.util.ComparableTimSort.binarySort([Ljava/lang/Object;III)V @ 193
Event: 2.648 Thread 0x00007f65bc00a000 Uncommon trap: reason=predicate action=maybe_recompile pc=0x00007f65b9124c18 method=java.util.TimSort.binarySort([Ljava/lang/Object;IIILjava/util/Comparator;)V @ 37
Event: 2.725 Thread 0x00007f65bc00a000 Uncommon trap: reason=array_check action=maybe_recompile pc=0x00007f65b91094cc method=java.util.ComparableTimSort.binarySort([Ljava/lang/Object;III)V @ 193

Internal exceptions (10 events):
Event: 1.257 Thread 0x00007f65bc00a000 Threw 0x00000000ec8c6070 at /build/buildd/openjdk-7-7u71-2.5.3/build/openjdk/hotspot/src/share/vm/prims/jvm.cpp:1284
Event: 1.261 Thread 0x00007f65bc00a000 Threw 0x00000000ec90d9d8 at /build/buildd/openjdk-7-7u71-2.5.3/build/openjdk/hotspot/src/share/vm/prims/jvm.cpp:1284
Event: 1.261 Thread 0x00007f65bc00a000 Threw 0x00000000ec9106b8 at /build/buildd/openjdk-7-7u71-2.5.3/build/openjdk/hotspot/src/share/vm/prims/jvm.cpp:1284
Event: 1.318 Thread 0x00007f65bc00a000 Threw 0x00000000ec973be8 at /build/buildd/openjdk-7-7u71-2.5.3/build/openjdk/hotspot/src/share/vm/prims/jvm.cpp:1284
Event: 1.318 Thread 0x00007f65bc00a000 Threw 0x00000000ec973d10 at /build/buildd/openjdk-7-7u71-2.5.3/build/openjdk/hotspot/src/share/vm/prims/jvm.cpp:1284
Event: 1.318 Thread 0x00007f65bc00a000 Threw 0x00000000ec9763c0 at /build/buildd/openjdk-7-7u71-2.5.3/build/openjdk/hotspot/src/share/vm/prims/jvm.cpp:1284
Event: 1.318 Thread 0x00007f65bc00a000 Threw 0x00000000ec9764e8 at /build/buildd/openjdk-7-7u71-2.5.3/build/openjdk/hotspot/src/share/vm/prims/jvm.cpp:1284
Event: 1.319 Thread 0x00007f65bc00a000 Threw 0x00000000ec976ee8 at /build/buildd/openjdk-7-7u71-2.5.3/build/openjdk/hotspot/src/share/vm/prims/jvm.cpp:1284
Event: 1.319 Thread 0x00007f65bc00a000 Threw 0x00000000ec977010 at /build/buildd/openjdk-7-7u71-2.5.3/build/openjdk/hotspot/src/share/vm/prims/jvm.cpp:1284
Event: 1.778 Thread 0x00007f65bc00a000 Threw 0x00000000ebdbcc98 at /build/buildd/openjdk-7-7u71-2.5.3/build/openjdk/hotspot/src/share/vm/prims/jvm.cpp:1284

Events (10 events):
Event: 2.607 loading class 0x00007f6590218150 done
Event: 2.607 loading class 0x00007f65c052c7f0
Event: 2.607 loading class 0x00007f65c052c7f0 done
Event: 2.648 Thread 0x00007f65bc00a000 Uncommon trap: trap_request=0xffffff86 fr.pc=0x00007f65b9124c18
Event: 2.648 Thread 0x00007f65bc00a000 DEOPT PACKING pc=0x00007f65b9124c18 sp=0x00007f65c446c3c0
Event: 2.649 Thread 0x00007f65bc00a000 DEOPT UNPACKING pc=0x00007f65b9039445 sp=0x00007f65c446c3b0 mode 2
Event: 2.725 Thread 0x00007f65bc00a000 Uncommon trap: trap_request=0xffffffd6 fr.pc=0x00007f65b91094cc
Event: 2.725 Thread 0x00007f65bc00a000 DEOPT PACKING pc=0x00007f65b91094cc sp=0x00007f65c446c450
Event: 2.725 Thread 0x00007f65bc00a000 DEOPT UNPACKING pc=0x00007f65b9039445 sp=0x00007f65c446c418 mode 2
Event: 2.891 Executing VM operation: ParallelGCFailedAllocation


Dynamic libraries:
00400000-00401000 r-xp 00000000 08:05 3284066                            /usr/lib/jvm/java-7-openjdk-amd64/jre/bin/java
00600000-00601000 r--p 00000000 08:05 3284066                            /usr/lib/jvm/java-7-openjdk-amd64/jre/bin/java
00601000-00602000 rw-p 00001000 08:05 3284066                            /usr/lib/jvm/java-7-openjdk-amd64/jre/bin/java
01b40000-01b61000 rw-p 00000000 00:00 0                                  [heap]
b5a00000-b6f00000 rw-p 00000000 00:00 0 
b6f00000-c0000000 rw-p 00000000 00:00 0 
c0000000-c5180000 rw-p 00000000 00:00 0 
c5180000-eaa80000 rw-p 00000000 00:00 0 
eaa80000-ef280000 rw-p 00000000 00:00 0 
f4280000-100000000 rw-p 00000000 00:00 0 
7f6583417000-7f6583578000 rw-p 00000000 00:00 0 
7f6583578000-7f65835b5000 r-xp 00000000 08:05 2101374                    /lib/x86_64-linux-gnu/libpcre.so.3.13.1
7f65835b5000-7f65837b4000 ---p 0003d000 08:05 2101374                    /lib/x86_64-linux-gnu/libpcre.so.3.13.1
7f65837b4000-7f65837b5000 r--p 0003c000 08:05 2101374                    /lib/x86_64-linux-gnu/libpcre.so.3.13.1
7f65837b5000-7f65837b6000 rw-p 0003d000 08:05 2101374                    /lib/x86_64-linux-gnu/libpcre.so.3.13.1
7f65837b6000-7f65837bd000 r-xp 00000000 08:05 3286430                    /usr/lib/x86_64-linux-gnu/libffi.so.6.0.1
7f65837bd000-7f65839bc000 ---p 00007000 08:05 3286430                    /usr/lib/x86_64-linux-gnu/libffi.so.6.0.1
7f65839bc000-7f65839bd000 r--p 00006000 08:05 3286430                    /usr/lib/x86_64-linux-gnu/libffi.so.6.0.1
7f65839bd000-7f65839be000 rw-p 00007000 08:05 3286430                    /usr/lib/x86_64-linux-gnu/libffi.so.6.0.1
7f65839be000-7f65839d5000 r-xp 00000000 08:05 2105954                    /lib/x86_64-linux-gnu/libresolv-2.19.so
7f65839d5000-7f6583bd5000 ---p 00017000 08:05 2105954                    /lib/x86_64-linux-gnu/libresolv-2.19.so
7f6583bd5000-7f6583bd6000 r--p 00017000 08:05 2105954                    /lib/x86_64-linux-gnu/libresolv-2.19.so
7f6583bd6000-7f6583bd7000 rw-p 00018000 08:05 2105954                    /lib/x86_64-linux-gnu/libresolv-2.19.so
7f6583bd7000-7f6583bd9000 rw-p 00000000 00:00 0 
7f6583bd9000-7f6583bf9000 r-xp 00000000 08:05 2101401                    /lib/x86_64-linux-gnu/libselinux.so.1
7f6583bf9000-7f6583df8000 ---p 00020000 08:05 2101401                    /lib/x86_64-linux-gnu/libselinux.so.1
7f6583df8000-7f6583df9000 r--p 0001f000 08:05 2101401                    /lib/x86_64-linux-gnu/libselinux.so.1
7f6583df9000-7f6583dfa000 rw-p 00020000 08:05 2101401                    /lib/x86_64-linux-gnu/libselinux.so.1
7f6583dfa000-7f6583dfc000 rw-p 00000000 00:00 0 
7f6583dfc000-7f6583dff000 r-xp 00000000 08:05 3286547                    /usr/lib/x86_64-linux-gnu/libgmodule-2.0.so.0.4000.0
7f6583dff000-7f6583ffe000 ---p 00003000 08:05 3286547                    /usr/lib/x86_64-linux-gnu/libgmodule-2.0.so.0.4000.0
7f6583ffe000-7f6583fff000 r--p 00002000 08:05 3286547                    /usr/lib/x86_64-linux-gnu/libgmodule-2.0.so.0.4000.0
7f6583fff000-7f6584000000 rw-p 00003000 08:05 3286547                    /usr/lib/x86_64-linux-gnu/libgmodule-2.0.so.0.4000.0
7f6584000000-7f6584021000 rw-p 00000000 00:00 0 
7f6584021000-7f6588000000 ---p 00000000 00:00 0 
7f6588000000-7f6588021000 rw-p 00000000 00:00 0 
7f6588021000-7f658c000000 ---p 00000000 00:00 0 
7f658c000000-7f658c818000 rw-p 00000000 00:00 0 
7f658c818000-7f6590000000 ---p 00000000 00:00 0 
7f6590000000-7f6590829000 rw-p 00000000 00:00 0 
7f6590829000-7f6594000000 ---p 00000000 00:00 0 
7f6594000000-7f6594021000 rw-p 00000000 00:00 0 
7f6594021000-7f6598000000 ---p 00000000 00:00 0 
7f6598000000-7f6598021000 rw-p 00000000 00:00 0 
7f6598021000-7f659c000000 ---p 00000000 00:00 0 
7f659c000000-7f659c0e0000 rw-p 00000000 00:00 0 
7f659c0e0000-7f65a0000000 ---p 00000000 00:00 0 
7f65a0000000-7f65a0021000 rw-p 00000000 00:00 0 
7f65a0021000-7f65a4000000 ---p 00000000 00:00 0 
7f65a4000000-7f65a4021000 rw-p 00000000 00:00 0 
7f65a4021000-7f65a8000000 ---p 00000000 00:00 0 
7f65a8000000-7f65a8021000 rw-p 00000000 00:00 0 
7f65a8021000-7f65ac000000 ---p 00000000 00:00 0 
7f65ac000000-7f65ac021000 rw-p 00000000 00:00 0 
7f65ac021000-7f65b0000000 ---p 00000000 00:00 0 
7f65b00f2000-7f65b01f8000 r-xp 00000000 08:05 2101302                    /lib/x86_64-linux-gnu/libglib-2.0.so.0.4000.0
7f65b01f8000-7f65b03f7000 ---p 00106000 08:05 2101302                    /lib/x86_64-linux-gnu/libglib-2.0.so.0.4000.0
7f65b03f7000-7f65b03f8000 r--p 00105000 08:05 2101302                    /lib/x86_64-linux-gnu/libglib-2.0.so.0.4000.0
7f65b03f8000-7f65b03f9000 rw-p 00106000 08:05 2101302                    /lib/x86_64-linux-gnu/libglib-2.0.so.0.4000.0
7f65b03f9000-7f65b03fa000 rw-p 00000000 00:00 0 
7f65b03fa000-7f65b0449000 r-xp 00000000 08:05 3286563                    /usr/lib/x86_64-linux-gnu/libgobject-2.0.so.0.4000.0
7f65b0449000-7f65b0649000 ---p 0004f000 08:05 3286563                    /usr/lib/x86_64-linux-gnu/libgobject-2.0.so.0.4000.0
7f65b0649000-7f65b064a000 r--p 0004f000 08:05 3286563                    /usr/lib/x86_64-linux-gnu/libgobject-2.0.so.0.4000.0
7f65b064a000-7f65b064b000 rw-p 00050000 08:05 3286563                    /usr/lib/x86_64-linux-gnu/libgobject-2.0.so.0.4000.0
7f65b064b000-7f65b07b6000 r-xp 00000000 08:05 3286533                    /usr/lib/x86_64-linux-gnu/libgio-2.0.so.0.4000.0
7f65b07b6000-7f65b09b6000 ---p 0016b000 08:05 3286533                    /usr/lib/x86_64-linux-gnu/libgio-2.0.so.0.4000.0
7f65b09b6000-7f65b09ba000 r--p 0016b000 08:05 3286533                    /usr/lib/x86_64-linux-gnu/libgio-2.0.so.0.4000.0
7f65b09ba000-7f65b09bc000 rw-p 0016f000 08:05 3286533                    /usr/lib/x86_64-linux-gnu/libgio-2.0.so.0.4000.0
7f65b09bc000-7f65b09be000 rw-p 00000000 00:00 0 
7f65b09be000-7f65b09d5000 r-xp 00000000 08:05 3283972                    /usr/lib/jvm/java-7-openjdk-amd64/jre/lib/amd64/libnet.so
7f65b09d5000-7f65b0bd4000 ---p 00017000 08:05 3283972                    /usr/lib/jvm/java-7-openjdk-amd64/jre/lib/amd64/libnet.so
7f65b0bd4000-7f65b0bd5000 r--p 00016000 08:05 3283972                    /usr/lib/jvm/java-7-openjdk-amd64/jre/lib/amd64/libnet.so
7f65b0bd5000-7f65b0bd6000 rw-p 00017000 08:05 3283972                    /usr/lib/jvm/java-7-openjdk-amd64/jre/lib/amd64/libnet.so
7f65b0bd6000-7f65b0be6000 r-xp 00000000 08:05 3283987                    /usr/lib/jvm/java-7-openjdk-amd64/jre/lib/amd64/libnio.so
7f65b0be6000-7f65b0de6000 ---p 00010000 08:05 3283987                    /usr/lib/jvm/java-7-openjdk-amd64/jre/lib/amd64/libnio.so
7f65b0de6000-7f65b0de7000 r--p 00010000 08:05 3283987                    /usr/lib/jvm/java-7-openjdk-amd64/jre/lib/amd64/libnio.so
7f65b0de7000-7f65b0de8000 rw-p 00011000 08:05 3283987                    /usr/lib/jvm/java-7-openjdk-amd64/jre/lib/amd64/libnio.so
7f65b0de8000-7f65b0de9000 ---p 00000000 00:00 0 
7f65b0de9000-7f65b0ee9000 rw-p 00000000 00:00 0                          [stack:24366]
7f65b0ee9000-7f65b0eec000 ---p 00000000 00:00 0 
7f65b0eec000-7f65b0fea000 rw-p 00000000 00:00 0                          [stack:24365]
7f65b0fea000-7f65b0fed000 ---p 00000000 00:00 0 
7f65b0fed000-7f65b10eb000 rw-p 00000000 00:00 0                          [stack:24364]
7f65b10eb000-7f65b10ee000 ---p 00000000 00:00 0 
7f65b10ee000-7f65b11ec000 rw-p 00000000 00:00 0                          [stack:24363]
7f65b11ec000-7f65b11ef000 ---p 00000000 00:00 0 
7f65b11ef000-7f65b12ed000 rw-p 00000000 00:00 0                          [stack:24362]
7f65b12ed000-7f65b19cf000 r--p 00000000 08:05 3284844                    /usr/lib/locale/locale-archive
7f65b19cf000-7f65b19d2000 ---p 00000000 00:00 0 
7f65b19d2000-7f65b4000000 rw-p 00000000 00:00 0                          [stack:24361]
7f65b4000000-7f65b4021000 rw-p 00000000 00:00 0 
7f65b4021000-7f65b8000000 ---p 00000000 00:00 0 
7f65b80f1000-7f65b80f4000 ---p 00000000 00:00 0 
7f65b80f4000-7f65b81f2000 rw-p 00000000 00:00 0                          [stack:24360]
7f65b81f2000-7f65b81f3000 ---p 00000000 00:00 0 
7f65b81f3000-7f65b9000000 rw-p 00000000 00:00 0                          [stack:24359]
7f65b9000000-7f65b9270000 rwxp 00000000 00:00 0 
7f65b9270000-7f65bc35f000 rw-p 00000000 00:00 0 
7f65bc35f000-7f65c0000000 ---p 00000000 00:00 0 
7f65c0074000-7f65c0079000 r--s 0004c000 08:05 3284012                    /usr/lib/jvm/java-7-openjdk-amd64/jre/lib/jsse.jar
7f65c0079000-7f65c0088000 r--s 000dd000 08:05 1840499                    /home/sari/Development/IDE/Android/sdk/build-tools/21.1.2/lib/dx.jar
7f65c0088000-7f65c008c000 r--s 00085000 08:05 3284032                    /usr/lib/jvm/java-7-openjdk-amd64/jre/lib/ext/localedata.jar
7f65c008c000-7f65c02d7000 rw-p 00000000 00:00 0 
7f65c02d7000-7f65c0488000 r--s 01d25000 08:05 3284035                    /usr/lib/jvm/java-7-openjdk-amd64/jre/lib/rt.jar
7f65c0488000-7f65c07ac000 rw-p 00000000 00:00 0 
7f65c07ac000-7f65c07ad000 ---p 00000000 00:00 0 
7f65c07ad000-7f65c08ad000 rw-p 00000000 00:00 0                          [stack:24358]
7f65c08ad000-7f65c08ae000 ---p 00000000 00:00 0 
7f65c08ae000-7f65c09ae000 rw-p 00000000 00:00 0                          [stack:24357]
7f65c09ae000-7f65c09af000 ---p 00000000 00:00 0 
7f65c09af000-7f65c0aaf000 rw-p 00000000 00:00 0                          [stack:24356]
7f65c0aaf000-7f65c0ab0000 ---p 00000000 00:00 0 
7f65c0ab0000-7f65c0bbb000 rw-p 00000000 00:00 0                          [stack:24355]
7f65c0bbb000-7f65c0c03000 rw-p 00000000 00:00 0 
7f65c0c03000-7f65c0c2c000 rw-p 00000000 00:00 0 
7f65c0c2c000-7f65c0d59000 rw-p 00000000 00:00 0 
7f65c0d59000-7f65c0d64000 rw-p 00000000 00:00 0 
7f65c0d64000-7f65c0dac000 rw-p 00000000 00:00 0 
7f65c0dac000-7f65c0dd5000 rw-p 00000000 00:00 0 
7f65c0dd5000-7f65c0f01000 rw-p 00000000 00:00 0 
7f65c0f01000-7f65c0f26000 rw-p 00000000 00:00 0 
7f65c0f26000-7f65c0fac000 rw-p 00000000 00:00 0 
7f65c0fac000-7f65c0fad000 rw-p 00000000 00:00 0 
7f65c0fad000-7f65c0fb5000 r-xp 00000000 08:05 3283964                    /usr/lib/jvm/java-7-openjdk-amd64/jre/lib/amd64/libzip.so
7f65c0fb5000-7f65c11b4000 ---p 00008000 08:05 3283964                    /usr/lib/jvm/java-7-openjdk-amd64/jre/lib/amd64/libzip.so
7f65c11b4000-7f65c11b5000 r--p 00007000 08:05 3283964                    /usr/lib/jvm/java-7-openjdk-amd64/jre/lib/amd64/libzip.so
7f65c11b5000-7f65c11b6000 rw-p 00008000 08:05 3283964                    /usr/lib/jvm/java-7-openjdk-amd64/jre/lib/amd64/libzip.so
7f65c11b6000-7f65c11c1000 r-xp 00000000 08:05 2105959                    /lib/x86_64-linux-gnu/libnss_files-2.19.so
7f65c11c1000-7f65c13c0000 ---p 0000b000 08:05 2105959                    /lib/x86_64-linux-gnu/libnss_files-2.19.so
7f65c13c0000-7f65c13c1000 r--p 0000a000 08:05 2105959                    /lib/x86_64-linux-gnu/libnss_files-2.19.so
7f65c13c1000-7f65c13c2000 rw-p 0000b000 08:05 2105959                    /lib/x86_64-linux-gnu/libnss_files-2.19.so
7f65c13c2000-7f65c13cd000 r-xp 00000000 08:05 2105956                    /lib/x86_64-linux-gnu/libnss_nis-2.19.so
7f65c13cd000-7f65c15cc000 ---p 0000b000 08:05 2105956                    /lib/x86_64-linux-gnu/libnss_nis-2.19.so
7f65c15cc000-7f65c15cd000 r--p 0000a000 08:05 2105956                    /lib/x86_64-linux-gnu/libnss_nis-2.19.so
7f65c15cd000-7f65c15ce000 rw-p 0000b000 08:05 2105956                    /lib/x86_64-linux-gnu/libnss_nis-2.19.so
7f65c15ce000-7f65c15e5000 r-xp 00000000 08:05 2105950                    /lib/x86_64-linux-gnu/libnsl-2.19.so
7f65c15e5000-7f65c17e4000 ---p 00017000 08:05 2105950                    /lib/x86_64-linux-gnu/libnsl-2.19.so
7f65c17e4000-7f65c17e5000 r--p 00016000 08:05 2105950                    /lib/x86_64-linux-gnu/libnsl-2.19.so
7f65c17e5000-7f65c17e6000 rw-p 00017000 08:05 2105950                    /lib/x86_64-linux-gnu/libnsl-2.19.so
7f65c17e6000-7f65c17e8000 rw-p 00000000 00:00 0 
7f65c17e8000-7f65c17f1000 r-xp 00000000 08:05 2105912                    /lib/x86_64-linux-gnu/libnss_compat-2.19.so
7f65c17f1000-7f65c19f0000 ---p 00009000 08:05 2105912                    /lib/x86_64-linux-gnu/libnss_compat-2.19.so
7f65c19f0000-7f65c19f1000 r--p 00008000 08:05 2105912                    /lib/x86_64-linux-gnu/libnss_compat-2.19.so
7f65c19f1000-7f65c19f2000 rw-p 00009000 08:05 2105912                    /lib/x86_64-linux-gnu/libnss_compat-2.19.so
7f65c19f2000-7f65c1a1d000 r-xp 00000000 08:05 3283971                    /usr/lib/jvm/java-7-openjdk-amd64/jre/lib/amd64/libjava.so
7f65c1a1d000-7f65c1c1c000 ---p 0002b000 08:05 3283971                    /usr/lib/jvm/java-7-openjdk-amd64/jre/lib/amd64/libjava.so
7f65c1c1c000-7f65c1c1d000 r--p 0002a000 08:05 3283971                    /usr/lib/jvm/java-7-openjdk-amd64/jre/lib/amd64/libjava.so
7f65c1c1d000-7f65c1c1f000 rw-p 0002b000 08:05 3283971                    /usr/lib/jvm/java-7-openjdk-amd64/jre/lib/amd64/libjava.so
7f65c1c1f000-7f65c1c2f000 r-xp 00000000 08:05 3283986                    /usr/lib/jvm/java-7-openjdk-amd64/jre/lib/amd64/libverify.so
7f65c1c2f000-7f65c1e2e000 ---p 00010000 08:05 3283986                    /usr/lib/jvm/java-7-openjdk-amd64/jre/lib/amd64/libverify.so
7f65c1e2e000-7f65c1e30000 r--p 0000f000 08:05 3283986                    /usr/lib/jvm/java-7-openjdk-amd64/jre/lib/amd64/libverify.so
7f65c1e30000-7f65c1e31000 rw-p 00011000 08:05 3283986                    /usr/lib/jvm/java-7-openjdk-amd64/jre/lib/amd64/libverify.so
7f65c1e31000-7f65c1e38000 r-xp 00000000 08:05 2105907                    /lib/x86_64-linux-gnu/librt-2.19.so
7f65c1e38000-7f65c2037000 ---p 00007000 08:05 2105907                    /lib/x86_64-linux-gnu/librt-2.19.so
7f65c2037000-7f65c2038000 r--p 00006000 08:05 2105907                    /lib/x86_64-linux-gnu/librt-2.19.so
7f65c2038000-7f65c2039000 rw-p 00007000 08:05 2105907                    /lib/x86_64-linux-gnu/librt-2.19.so
7f65c2039000-7f65c204f000 r-xp 00000000 08:05 2105901                    /lib/x86_64-linux-gnu/libgcc_s.so.1
7f65c204f000-7f65c224e000 ---p 00016000 08:05 2105901                    /lib/x86_64-linux-gnu/libgcc_s.so.1
7f65c224e000-7f65c224f000 rw-p 00015000 08:05 2105901                    /lib/x86_64-linux-gnu/libgcc_s.so.1
7f65c224f000-7f65c2354000 r-xp 00000000 08:05 2105949                    /lib/x86_64-linux-gnu/libm-2.19.so
7f65c2354000-7f65c2553000 ---p 00105000 08:05 2105949                    /lib/x86_64-linux-gnu/libm-2.19.so
7f65c2553000-7f65c2554000 r--p 00104000 08:05 2105949                    /lib/x86_64-linux-gnu/libm-2.19.so
7f65c2554000-7f65c2555000 rw-p 00105000 08:05 2105949                    /lib/x86_64-linux-gnu/libm-2.19.so
7f65c2555000-7f65c263b000 r-xp 00000000 08:05 3287058                    /usr/lib/x86_64-linux-gnu/libstdc++.so.6.0.19
7f65c263b000-7f65c283a000 ---p 000e6000 08:05 3287058                    /usr/lib/x86_64-linux-gnu/libstdc++.so.6.0.19
7f65c283a000-7f65c2842000 r--p 000e5000 08:05 3287058                    /usr/lib/x86_64-linux-gnu/libstdc++.so.6.0.19
7f65c2842000-7f65c2844000 rw-p 000ed000 08:05 3287058                    /usr/lib/x86_64-linux-gnu/libstdc++.so.6.0.19
7f65c2844000-7f65c2859000 rw-p 00000000 00:00 0 
7f65c2859000-7f65c336f000 r-xp 00000000 08:05 3283993                    /usr/lib/jvm/java-7-openjdk-amd64/jre/lib/amd64/server/libjvm.so
7f65c336f000-7f65c356e000 ---p 00b16000 08:05 3283993                    /usr/lib/jvm/java-7-openjdk-amd64/jre/lib/amd64/server/libjvm.so
7f65c356e000-7f65c3608000 r--p 00b15000 08:05 3283993                    /usr/lib/jvm/java-7-openjdk-amd64/jre/lib/amd64/server/libjvm.so
7f65c3608000-7f65c362b000 rw-p 00baf000 08:05 3283993                    /usr/lib/jvm/java-7-openjdk-amd64/jre/lib/amd64/server/libjvm.so
7f65c362b000-7f65c3659000 rw-p 00000000 00:00 0 
7f65c3659000-7f65c3671000 r-xp 00000000 08:05 2101434                    /lib/x86_64-linux-gnu/libz.so.1.2.8
7f65c3671000-7f65c3870000 ---p 00018000 08:05 2101434                    /lib/x86_64-linux-gnu/libz.so.1.2.8
7f65c3870000-7f65c3871000 r--p 00017000 08:05 2101434                    /lib/x86_64-linux-gnu/libz.so.1.2.8
7f65c3871000-7f65c3872000 rw-p 00018000 08:05 2101434                    /lib/x86_64-linux-gnu/libz.so.1.2.8
7f65c3872000-7f65c388b000 r-xp 00000000 08:05 2105958                    /lib/x86_64-linux-gnu/libpthread-2.19.so
7f65c388b000-7f65c3a8a000 ---p 00019000 08:05 2105958                    /lib/x86_64-linux-gnu/libpthread-2.19.so
7f65c3a8a000-7f65c3a8b000 r--p 00018000 08:05 2105958                    /lib/x86_64-linux-gnu/libpthread-2.19.so
7f65c3a8b000-7f65c3a8c000 rw-p 00019000 08:05 2105958                    /lib/x86_64-linux-gnu/libpthread-2.19.so
7f65c3a8c000-7f65c3a90000 rw-p 00000000 00:00 0 
7f65c3a90000-7f65c3a93000 r-xp 00000000 08:05 2105910                    /lib/x86_64-linux-gnu/libdl-2.19.so
7f65c3a93000-7f65c3c92000 ---p 00003000 08:05 2105910                    /lib/x86_64-linux-gnu/libdl-2.19.so
7f65c3c92000-7f65c3c93000 r--p 00002000 08:05 2105910                    /lib/x86_64-linux-gnu/libdl-2.19.so
7f65c3c93000-7f65c3c94000 rw-p 00003000 08:05 2105910                    /lib/x86_64-linux-gnu/libdl-2.19.so
7f65c3c94000-7f65c3e4f000 r-xp 00000000 08:05 2105906                    /lib/x86_64-linux-gnu/libc-2.19.so
7f65c3e4f000-7f65c404f000 ---p 001bb000 08:05 2105906                    /lib/x86_64-linux-gnu/libc-2.19.so
7f65c404f000-7f65c4053000 r--p 001bb000 08:05 2105906                    /lib/x86_64-linux-gnu/libc-2.19.so
7f65c4053000-7f65c4055000 rw-p 001bf000 08:05 2105906                    /lib/x86_64-linux-gnu/libc-2.19.so
7f65c4055000-7f65c405a000 rw-p 00000000 00:00 0 
7f65c405a000-7f65c4067000 r-xp 00000000 08:05 3283969                    /usr/lib/jvm/java-7-openjdk-amd64/jre/lib/amd64/jli/libjli.so
7f65c4067000-7f65c4266000 ---p 0000d000 08:05 3283969                    /usr/lib/jvm/java-7-openjdk-amd64/jre/lib/amd64/jli/libjli.so
7f65c4266000-7f65c4267000 r--p 0000c000 08:05 3283969                    /usr/lib/jvm/java-7-openjdk-amd64/jre/lib/amd64/jli/libjli.so
7f65c4267000-7f65c4268000 rw-p 0000d000 08:05 3283969                    /usr/lib/jvm/java-7-openjdk-amd64/jre/lib/amd64/jli/libjli.so
7f65c4268000-7f65c428b000 r-xp 00000000 08:05 2105904                    /lib/x86_64-linux-gnu/ld-2.19.so
7f65c428d000-7f65c4291000 r--s 00034000 08:05 3284033                    /usr/lib/jvm/java-7-openjdk-amd64/jre/lib/ext/sunjce_provider.jar
7f65c4291000-7f65c4295000 r--s 0003c000 08:05 3284031                    /usr/lib/jvm/java-7-openjdk-amd64/jre/lib/ext/sunpkcs11.jar
7f65c4295000-7f65c42b7000 rw-p 00000000 00:00 0 
7f65c42b7000-7f65c436d000 rw-p 00000000 00:00 0 
7f65c436d000-7f65c4370000 ---p 00000000 00:00 0 
7f65c4370000-7f65c4473000 rw-p 00000000 00:00 0                          [stack:24354]
7f65c4474000-7f65c4475000 rw-p 00000000 00:00 0 
7f65c4475000-7f65c4476000 r--p 00000000 08:05 276560                     /usr/share/locale-langpack/en_GB/LC_MESSAGES/libc.mo
7f65c4476000-7f65c4478000 r--s 00012000 08:05 3284030                    /usr/lib/jvm/java-7-openjdk-amd64/jre/lib/ext/zipfs.jar
7f65c4478000-7f65c447b000 r--s 0000f000 08:05 3284029                    /usr/lib/jvm/java-7-openjdk-amd64/jre/lib/ext/icedtea-sound.jar
7f65c447b000-7f65c447c000 r--s 00002000 08:05 3284034                    /usr/lib/jvm/java-7-openjdk-amd64/jre/lib/ext/dnsns.jar
7f65c447c000-7f65c447e000 r--s 00006000 08:05 8366                       /usr/share/java/java-atk-wrapper.jar
7f65c447e000-7f65c4486000 rw-s 00000000 08:05 1049155                    /tmp/hsperfdata_sari/24346
7f65c4486000-7f65c4487000 rw-p 00000000 00:00 0 
7f65c4487000-7f65c4488000 ---p 00000000 00:00 0 
7f65c4488000-7f65c448a000 rw-p 00000000 00:00 0 
7f65c448a000-7f65c448b000 r--p 00022000 08:05 2105904                    /lib/x86_64-linux-gnu/ld-2.19.so
7f65c448b000-7f65c448c000 rw-p 00023000 08:05 2105904                    /lib/x86_64-linux-gnu/ld-2.19.so
7f65c448c000-7f65c448d000 rw-p 00000000 00:00 0 
7fffbd361000-7fffbd382000 rw-p 00000000 00:00 0                          [stack]
7fffbd3fe000-7fffbd400000 r-xp 00000000 00:00 0                          [vdso]
ffffffffff600000-ffffffffff601000 r-xp 00000000 00:00 0                  [vsyscall]

VM Arguments:
jvm_args: -Xmx1024M 
java_command: /home/sari/Development/IDE/Android/sdk/build-tools/21.1.2/lib/dx.jar --dex --no-optimize --output /home/sari/Development/Jobs/RandWalk/app/build/intermediates/dex/debug --input-list=/home/sari/Development/Jobs/RandWalk/app/build/intermediates/tmp/dex/debug/inputList.txt
Launcher Type: SUN_STANDARD

Environment Variables:
CLASSPATH=./../lib/bootstrap.jar:./../lib/extensions.jar:./../lib/util.jar:./../lib/jdom.jar:./../lib/log4j.jar:./../lib/trove4j.jar:./../lib/jna.jar:/usr/lib/jvm/java-7-openjdk-amd64/lib/tools.jar
PATH=/home/sari/Development/IDE/google-cloud-sdk/bin:/usr/local/sbin:/usr/local/bin:/usr/sbin:/usr/bin:/sbin:/bin:/usr/games:/usr/local/games
LD_LIBRARY_PATH=.:
SHELL=/bin/bash
DISPLAY=:0

Signal Handlers:
SIGSEGV: [libjvm.so+0x9495e0], sa_mask[0]=0x7ffbfeff, sa_flags=0x10000004
SIGBUS: [libjvm.so+0x9495e0], sa_mask[0]=0x7ffbfeff, sa_flags=0x10000004
SIGFPE: [libjvm.so+0x7c3410], sa_mask[0]=0x7ffbfeff, sa_flags=0x10000004
SIGPIPE: [libjvm.so+0x7c3410], sa_mask[0]=0x7ffbfeff, sa_flags=0x10000004
SIGXFSZ: [libjvm.so+0x7c3410], sa_mask[0]=0x7ffbfeff, sa_flags=0x10000004
SIGILL: [libjvm.so+0x7c3410], sa_mask[0]=0x7ffbfeff, sa_flags=0x10000004
SIGUSR1: SIG_DFL, sa_mask[0]=0x00000000, sa_flags=0x00000000
SIGUSR2: [libjvm.so+0x7c32b0], sa_mask[0]=0x00000004, sa_flags=0x10000004
SIGHUP: [libjvm.so+0x7c3490], sa_mask[0]=0x7ffbfeff, sa_flags=0x10000004
SIGINT: [libjvm.so+0x7c3490], sa_mask[0]=0x7ffbfeff, sa_flags=0x10000004
SIGTERM: [libjvm.so+0x7c3490], sa_mask[0]=0x7ffbfeff, sa_flags=0x10000004
SIGQUIT: [libjvm.so+0x7c3490], sa_mask[0]=0x7ffbfeff, sa_flags=0x10000004
SIGTRAP: SIG_DFL, sa_mask[0]=0x00000000, sa_flags=0x00000000


---------------  S Y S T E M  ---------------

OS:Ubuntu 14.04 (trusty)
uname:Linux 3.13.0-44-generic #73-Ubuntu SMP Tue Dec 16 00:22:43 UTC 2014 x86_64
libc:glibc 2.19 NPTL 2.19 
rlimit: STACK 8192k, CORE 0k, NPROC 62663, NOFILE 4096, AS infinity
load average:1.48 1.65 1.49

/proc/meminfo:
MemTotal:        8042464 kB
MemFree:          121940 kB
Buffers:            1268 kB
Cached:          1043528 kB
SwapCached:            0 kB
Active:          6686468 kB
Inactive:         959200 kB
Active(anon):    6664160 kB
Inactive(anon):   938148 kB
Active(file):      22308 kB
Inactive(file):    21052 kB
Unevictable:         148 kB
Mlocked:             148 kB
SwapTotal:             0 kB
SwapFree:              0 kB
Dirty:              1220 kB
Writeback:             0 kB
AnonPages:       6601620 kB
Mapped:           352812 kB
Shmem:           1000860 kB
Slab:              98088 kB
SReclaimable:      46880 kB
SUnreclaim:        51208 kB
KernelStack:        7720 kB
PageTables:        74300 kB
NFS_Unstable:          0 kB
Bounce:                0 kB
WritebackTmp:          0 kB
CommitLimit:     4021232 kB
Committed_AS:   15644636 kB
VmallocTotal:   34359738367 kB
VmallocUsed:      412004 kB
VmallocChunk:   34359320060 kB
HardwareCorrupted:     0 kB
AnonHugePages:    993280 kB
HugePages_Total:       0
HugePages_Free:        0
HugePages_Rsvd:        0
HugePages_Surp:        0
Hugepagesize:       2048 kB
DirectMap4k:      154872 kB
DirectMap2M:     8099840 kB


CPU:total 4 (2 cores per cpu, 2 threads per core) family 6 model 58 stepping 9, cmov, cx8, fxsr, mmx, sse, sse2, sse3, ssse3, sse4.1, sse4.2, popcnt, avx, aes, erms, ht, tsc, tscinvbit, tscinv

/proc/cpuinfo:
processor	: 0
vendor_id	: GenuineIntel
cpu family	: 6
model		: 58
model name	: Intel(R) Core(TM) i5-3210M CPU @ 2.50GHz
stepping	: 9
microcode	: 0x15
cpu MHz		: 2500.000
cache size	: 3072 KB
physical id	: 0
siblings	: 4
core id		: 0
cpu cores	: 2
apicid		: 0
initial apicid	: 0
fpu		: yes
fpu_exception	: yes
cpuid level	: 13
wp		: yes
flags		: fpu vme de pse tsc msr pae mce cx8 apic sep mtrr pge mca cmov pat pse36 clflush dts acpi mmx fxsr sse sse2 ss ht tm pbe syscall nx rdtscp lm constant_tsc arch_perfmon pebs bts rep_good nopl xtopology nonstop_tsc aperfmperf eagerfpu pni pclmulqdq dtes64 monitor ds_cpl vmx est tm2 ssse3 cx16 xtpr pdcm pcid sse4_1 sse4_2 x2apic popcnt tsc_deadline_timer aes xsave avx f16c rdrand lahf_lm ida arat epb xsaveopt pln pts dtherm tpr_shadow vnmi flexpriority ept vpid fsgsbase smep erms
bogomips	: 4988.53
clflush size	: 64
cache_alignment	: 64
address sizes	: 36 bits physical, 48 bits virtual
power management:

processor	: 1
vendor_id	: GenuineIntel
cpu family	: 6
model		: 58
model name	: Intel(R) Core(TM) i5-3210M CPU @ 2.50GHz
stepping	: 9
microcode	: 0x15
cpu MHz		: 1200.000
cache size	: 3072 KB
physical id	: 0
siblings	: 4
core id		: 0
cpu cores	: 2
apicid		: 1
initial apicid	: 1
fpu		: yes
fpu_exception	: yes
cpuid level	: 13
wp		: yes
flags		: fpu vme de pse tsc msr pae mce cx8 apic sep mtrr pge mca cmov pat pse36 clflush dts acpi mmx fxsr sse sse2 ss ht tm pbe syscall nx rdtscp lm constant_tsc arch_perfmon pebs bts rep_good nopl xtopology nonstop_tsc aperfmperf eagerfpu pni pclmulqdq dtes64 monitor ds_cpl vmx est tm2 ssse3 cx16 xtpr pdcm pcid sse4_1 sse4_2 x2apic popcnt tsc_deadline_timer aes xsave avx f16c rdrand lahf_lm ida arat epb xsaveopt pln pts dtherm tpr_shadow vnmi flexpriority ept vpid fsgsbase smep erms
bogomips	: 4988.53
clflush size	: 64
cache_alignment	: 64
address sizes	: 36 bits physical, 48 bits virtual
power management:

processor	: 2
vendor_id	: GenuineIntel
cpu family	: 6
model		: 58
model name	: Intel(R) Core(TM) i5-3210M CPU @ 2.50GHz
stepping	: 9
microcode	: 0x15
cpu MHz		: 2500.000
cache size	: 3072 KB
physical id	: 0
siblings	: 4
core id		: 1
cpu cores	: 2
apicid		: 2
initial apicid	: 2
fpu		: yes
fpu_exception	: yes
cpuid level	: 13
wp		: yes
flags		: fpu vme de pse tsc msr pae mce cx8 apic sep mtrr pge mca cmov pat pse36 clflush dts acpi mmx fxsr sse sse2 ss ht tm pbe syscall nx rdtscp lm constant_tsc arch_perfmon pebs bts rep_good nopl xtopology nonstop_tsc aperfmperf eagerfpu pni pclmulqdq dtes64 monitor ds_cpl vmx est tm2 ssse3 cx16 xtpr pdcm pcid sse4_1 sse4_2 x2apic popcnt tsc_deadline_timer aes xsave avx f16c rdrand lahf_lm ida arat epb xsaveopt pln pts dtherm tpr_shadow vnmi flexpriority ept vpid fsgsbase smep erms
bogomips	: 4988.53
clflush size	: 64
cache_alignment	: 64
address sizes	: 36 bits physical, 48 bits virtual
power management:

processor	: 3
vendor_id	: GenuineIntel
cpu family	: 6
model		: 58
model name	: Intel(R) Core(TM) i5-3210M CPU @ 2.50GHz
stepping	: 9
microcode	: 0x15
cpu MHz		: 2500.000
cache size	: 3072 KB
physical id	: 0
siblings	: 4
core id		: 1
cpu cores	: 2
apicid		: 3
initial apicid	: 3
fpu		: yes
fpu_exception	: yes
cpuid level	: 13
wp		: yes
flags		: fpu vme de pse tsc msr pae mce cx8 apic sep mtrr pge mca cmov pat pse36 clflush dts acpi mmx fxsr sse sse2 ss ht tm pbe syscall nx rdtscp lm constant_tsc arch_perfmon pebs bts rep_good nopl xtopology nonstop_tsc aperfmperf eagerfpu pni pclmulqdq dtes64 monitor ds_cpl vmx est tm2 ssse3 cx16 xtpr pdcm pcid sse4_1 sse4_2 x2apic popcnt tsc_deadline_timer aes xsave avx f16c rdrand lahf_lm ida arat epb xsaveopt pln pts dtherm tpr_shadow vnmi flexpriority ept vpid fsgsbase smep erms
bogomips	: 4988.53
clflush size	: 64
cache_alignment	: 64
address sizes	: 36 bits physical, 48 bits virtual
power management:



Memory: 4k page, physical 8042464k(121940k free), swap 0k(0k free)

vm_info: OpenJDK 64-Bit Server VM (24.65-b04) for linux-amd64 JRE (1.7.0_65-b32), built on Oct 22 2014 04:37:44 by "buildd" with gcc 4.8.2

time: Wed Jan 28 22:52:31 2015
elapsed time: 2 seconds

