#
# There is insufficient memory for the Java Runtime Environment to continue.
# Native memory allocation (malloc) failed to allocate 80740352 bytes for committing reserved memory.
# Possible reasons:
#   The system is out of physical RAM or swap space
#   In 32 bit mode, the process size limit was hit
# Possible solutions:
#   Reduce memory load on the system
#   Increase physical memory or swap space
#   Check if swap backing store is full
#   Use 64 bit Java on a 64 bit OS
#   Decrease Java heap size (-Xmx/-Xms)
#   Decrease number of Java threads
#   Decrease Java thread stack sizes (-Xss)
#   Set larger code cache with -XX:ReservedCodeCacheSize=
# This output file may be truncated or incomplete.
#
#  Out of Memory Error (os_linux.cpp:2798), pid=24380, tid=140104328546048
#
# JRE version: OpenJDK Runtime Environment (7.0_65-b32) (build 1.7.0_65-b32)
# Java VM: OpenJDK 64-Bit Server VM (24.65-b04 mixed mode linux-amd64 compressed oops)
# Derivative: IcedTea 2.5.3
# Distribution: Ubuntu 14.04 LTS, package 7u71-2.5.3-0ubuntu0.14.04.1
# Failed to write core dump. Core dumps have been disabled. To enable core dumping, try "ulimit -c unlimited" before starting Java again
#

---------------  T H R E A D  ---------------

Current thread (0x00007f6ca013c800):  VMThread [stack: 0x00007f6c94ac0000,0x00007f6c94bc1000] [id=24393]

Stack: [0x00007f6c94ac0000,0x00007f6c94bc1000],  sp=0x00007f6c94bbf490,  free space=1021k
Native frames: (J=compiled Java code, j=interpreted, Vv=VM code, C=native code)
V  [libjvm.so+0x948b05]  VMError::report_and_die()+0x175
V  [libjvm.so+0x48bc34]  report_vm_out_of_memory(char const*, int, unsigned long, char const*)+0x74
V  [libjvm.so+0x7c7bfb]  os::pd_commit_memory(char*, unsigned long, unsigned long, bool)+0xeb
V  [libjvm.so+0x7c26bf]  os::commit_memory(char*, unsigned long, unsigned long, bool)+0x1f
V  [libjvm.so+0x833e4b]  PSVirtualSpace::expand_by(unsigned long)+0x5b
V  [libjvm.so+0x834ca0]  PSYoungGen::resize_generation(unsigned long, unsigned long)+0xb0
V  [libjvm.so+0x83538b]  PSYoungGen::resize(unsigned long, unsigned long)+0x1b
V  [libjvm.so+0x831670]  PSScavenge::invoke_no_policy()+0xde0
V  [libjvm.so+0x831e48]  PSScavenge::invoke()+0x38
V  [libjvm.so+0x7e8823]  ParallelScavengeHeap::failed_mem_allocate(unsigned long)+0x63
V  [libjvm.so+0x94a504]  VM_ParallelGCFailedAllocation::doit()+0x84
V  [libjvm.so+0x94e9f7]  VM_Operation::evaluate()+0x47
V  [libjvm.so+0x94d368]  VMThread::evaluate_operation(VM_Operation*)+0x318
V  [libjvm.so+0x94d7c9]  VMThread::loop()+0x219
V  [libjvm.so+0x94dc12]  VMThread::run()+0x72
V  [libjvm.so+0x7c4ac2]  java_start(Thread*)+0xf2

VM_Operation (0x00007f6ca722e430): ParallelGCFailedAllocation, mode: safepoint, requested by thread 0x00007f6ca000a000


---------------  P R O C E S S  ---------------

Java Threads: ( => current thread )
  0x00007f6ca0175800 JavaThread "Service Thread" daemon [_thread_blocked, id=24399, stack(0x00007f6c77cfd000,0x00007f6c77dfe000)]
  0x00007f6ca0173800 JavaThread "C2 CompilerThread1" daemon [_thread_blocked, id=24398, stack(0x00007f6c77dfe000,0x00007f6c77eff000)]
  0x00007f6ca0170800 JavaThread "C2 CompilerThread0" daemon [_thread_blocked, id=24397, stack(0x00007f6c77eff000,0x00007f6c78000000)]
  0x00007f6ca016e000 JavaThread "Signal Dispatcher" daemon [_thread_blocked, id=24396, stack(0x00007f6c940db000,0x00007f6c941dc000)]
  0x00007f6ca0143000 JavaThread "Finalizer" daemon [_thread_blocked, id=24395, stack(0x00007f6c948be000,0x00007f6c949bf000)]
  0x00007f6ca0141000 JavaThread "Reference Handler" daemon [_thread_blocked, id=24394, stack(0x00007f6c949bf000,0x00007f6c94ac0000)]
  0x00007f6ca000a000 JavaThread "main" [_thread_blocked, id=24388, stack(0x00007f6ca712f000,0x00007f6ca7230000)]

Other Threads:
=>0x00007f6ca013c800 VMThread [stack: 0x00007f6c94ac0000,0x00007f6c94bc1000] [id=24393]
  0x00007f6ca0180800 WatcherThread [stack: 0x00007f6c77bfc000,0x00007f6c77cfd000] [id=24400]

VM state:at safepoint (normal execution)

VM Mutex/Monitor currently owned by a thread:  ([mutex/lock_event])
[0x00007f6ca0006660] Threads_lock - owner thread: 0x00007f6ca013c800
[0x00007f6ca0006b60] Heap_lock - owner thread: 0x00007f6ca000a000

Heap
 PSYoungGen      total 68608K, used 4524K [0x00000000eaa80000, 0x00000000ef280000, 0x0000000100000000)
  eden space 63488K, 0% used [0x00000000eaa80000,0x00000000eaa80000,0x00000000ee880000)
  from space 5120K, 88% used [0x00000000ee880000,0x00000000eeceb208,0x00000000eed80000)
  to   space 5120K, 0% used [0x00000000eed80000,0x00000000eed80000,0x00000000ef280000)
 ParOldGen       total 83456K, used 48237K [0x00000000c0000000, 0x00000000c5180000, 0x00000000eaa80000)
  object space 83456K, 57% used [0x00000000c0000000,0x00000000c2f1b4e8,0x00000000c5180000)
 PSPermGen       total 21504K, used 6942K [0x00000000b5a00000, 0x00000000b6f00000, 0x00000000c0000000)
  object space 21504K, 32% used [0x00000000b5a00000,0x00000000b60c7b98,0x00000000b6f00000)

Card table byte_map: [0x00007f6c9c997000,0x00007f6c9cbeb000] byte_map_base: 0x00007f6c9c3ea000

Polling page: 0x00007f6ca7249000

Code Cache  [0x00007f6c9cbeb000, 0x00007f6c9ce5b000, 0x00007f6c9fbeb000)
 total_blobs=721 nmethods=469 adapters=205 free_code_cache=47863Kb largest_free_block=48985920

Compilation events (10 events):
Event: 2.539 Thread 0x00007f6ca0173800 nmethod 464 0x00007f6c9cd2ce10 code [0x00007f6c9cd2cf60, 0x00007f6c9cd2d158]
Event: 2.542 Thread 0x00007f6ca0170800 nmethod 465 0x00007f6c9cd31890 code [0x00007f6c9cd31a00, 0x00007f6c9cd31c38]
Event: 2.543 Thread 0x00007f6ca0170800  467             com.android.dx.io.instructions.InstructionCodec$15::encode (29 bytes)
Event: 2.543 Thread 0x00007f6ca0173800  466             com.android.dx.io.instructions.InstructionCodec$15::decode (54 bytes)
Event: 2.546 Thread 0x00007f6ca0170800 nmethod 467 0x00007f6c9cd2ffd0 code [0x00007f6c9cd30140, 0x00007f6c9cd30378]
Event: 2.546 Thread 0x00007f6ca0170800  468             com.android.dx.io.instructions.DecodedInstruction::getLiteralByte (58 bytes)
Event: 2.546 Thread 0x00007f6ca0170800 nmethod 468 0x00007f6c9cd2fd10 code [0x00007f6c9cd2fe40, 0x00007f6c9cd2feb8]
Event: 2.547 Thread 0x00007f6ca0173800 nmethod 466 0x00007f6c9cd2ef90 code [0x00007f6c9cd2f0e0, 0x00007f6c9cd2f2b8]
Event: 2.571 Thread 0x00007f6ca0170800  469             com.android.dx.io.instructions.DecodedInstruction::getLiteralUnit (55 bytes)
Event: 2.572 Thread 0x00007f6ca0170800 nmethod 469 0x00007f6c9cd2ed50 code [0x00007f6c9cd2ee80, 0x00007f6c9cd2eef8]

GC Heap History (9 events):
Event: 1.096 GC heap before
{Heap before GC invocations=1 (full 0):
 PSYoungGen      total 36864K, used 31744K [0x00000000eaa80000, 0x00000000ed380000, 0x0000000100000000)
  eden space 31744K, 100% used [0x00000000eaa80000,0x00000000ec980000,0x00000000ec980000)
  from space 5120K, 0% used [0x00000000ece80000,0x00000000ece80000,0x00000000ed380000)
  to   space 5120K, 0% used [0x00000000ec980000,0x00000000ec980000,0x00000000ece80000)
 ParOldGen       total 83456K, used 0K [0x00000000c0000000, 0x00000000c5180000, 0x00000000eaa80000)
  object space 83456K, 0% used [0x00000000c0000000,0x00000000c0000000,0x00000000c5180000)
 PSPermGen       total 21504K, used 6569K [0x00000000b5a00000, 0x00000000b6f00000, 0x00000000c0000000)
  object space 21504K, 30% used [0x00000000b5a00000,0x00000000b606a6f0,0x00000000b6f00000)
Event: 1.105 GC heap after
Heap after GC invocations=1 (full 0):
 PSYoungGen      total 36864K, used 5116K [0x00000000eaa80000, 0x00000000ed380000, 0x0000000100000000)
  eden space 31744K, 0% used [0x00000000eaa80000,0x00000000eaa80000,0x00000000ec980000)
  from space 5120K, 99% used [0x00000000ec980000,0x00000000ece7f1a0,0x00000000ece80000)
  to   space 5120K, 0% used [0x00000000ece80000,0x00000000ece80000,0x00000000ed380000)
 ParOldGen       total 83456K, used 3862K [0x00000000c0000000, 0x00000000c5180000, 0x00000000eaa80000)
  object space 83456K, 4% used [0x00000000c0000000,0x00000000c03c5be0,0x00000000c5180000)
 PSPermGen       total 21504K, used 6569K [0x00000000b5a00000, 0x00000000b6f00000, 0x00000000c0000000)
  object space 21504K, 30% used [0x00000000b5a00000,0x00000000b606a6f0,0x00000000b6f00000)
}
Event: 1.729 GC heap before
{Heap before GC invocations=2 (full 0):
 PSYoungGen      total 36864K, used 36860K [0x00000000eaa80000, 0x00000000ed380000, 0x0000000100000000)
  eden space 31744K, 100% used [0x00000000eaa80000,0x00000000ec980000,0x00000000ec980000)
  from space 5120K, 99% used [0x00000000ec980000,0x00000000ece7f1a0,0x00000000ece80000)
  to   space 5120K, 0% used [0x00000000ece80000,0x00000000ece80000,0x00000000ed380000)
 ParOldGen       total 83456K, used 3862K [0x00000000c0000000, 0x00000000c5180000, 0x00000000eaa80000)
  object space 83456K, 4% used [0x00000000c0000000,0x00000000c03c5be0,0x00000000c5180000)
 PSPermGen       total 21504K, used 6803K [0x00000000b5a00000, 0x00000000b6f00000, 0x00000000c0000000)
  object space 21504K, 31% used [0x00000000b5a00000,0x00000000b60a4d40,0x00000000b6f00000)
Event: 1.735 GC heap after
Heap after GC invocations=2 (full 0):
 PSYoungGen      total 36864K, used 4753K [0x00000000eaa80000, 0x00000000ed380000, 0x0000000100000000)
  eden space 31744K, 0% used [0x00000000eaa80000,0x00000000eaa80000,0x00000000ec980000)
  from space 5120K, 92% used [0x00000000ece80000,0x00000000ed324700,0x00000000ed380000)
  to   space 5120K, 0% used [0x00000000ec980000,0x00000000ec980000,0x00000000ece80000)
 ParOldGen       total 83456K, used 8648K [0x00000000c0000000, 0x00000000c5180000, 0x00000000eaa80000)
  object space 83456K, 10% used [0x00000000c0000000,0x00000000c08721e8,0x00000000c5180000)
 PSPermGen       total 21504K, used 6803K [0x00000000b5a00000, 0x00000000b6f00000, 0x00000000c0000000)
  object space 21504K, 31% used [0x00000000b5a00000,0x00000000b60a4d40,0x00000000b6f00000)
}
Event: 2.099 GC heap before
{Heap before GC invocations=3 (full 0):
 PSYoungGen      total 36864K, used 36497K [0x00000000eaa80000, 0x00000000ed380000, 0x0000000100000000)
  eden space 31744K, 100% used [0x00000000eaa80000,0x00000000ec980000,0x00000000ec980000)
  from space 5120K, 92% used [0x00000000ece80000,0x00000000ed324700,0x00000000ed380000)
  to   space 5120K, 0% used [0x00000000ec980000,0x00000000ec980000,0x00000000ece80000)
 ParOldGen       total 83456K, used 8648K [0x00000000c0000000, 0x00000000c5180000, 0x00000000eaa80000)
  object space 83456K, 10% used [0x00000000c0000000,0x00000000c08721e8,0x00000000c5180000)
 PSPermGen       total 21504K, used 6836K [0x00000000b5a00000, 0x00000000b6f00000, 0x00000000c0000000)
  object space 21504K, 31% used [0x00000000b5a00000,0x00000000b60ad048,0x00000000b6f00000)
Event: 2.107 GC heap after
Heap after GC invocations=3 (full 0):
 PSYoungGen      total 36864K, used 5099K [0x00000000eaa80000, 0x00000000ef280000, 0x0000000100000000)
  eden space 31744K, 0% used [0x00000000eaa80000,0x00000000eaa80000,0x00000000ec980000)
  from space 5120K, 99% used [0x00000000ec980000,0x00000000ece7aff8,0x00000000ece80000)
  to   space 5120K, 0% used [0x00000000eed80000,0x00000000eed80000,0x00000000ef280000)
 ParOldGen       total 83456K, used 14311K [0x00000000c0000000, 0x00000000c5180000, 0x00000000eaa80000)
  object space 83456K, 17% used [0x00000000c0000000,0x00000000c0df9e90,0x00000000c5180000)
 PSPermGen       total 21504K, used 6836K [0x00000000b5a00000, 0x00000000b6f00000, 0x00000000c0000000)
  object space 21504K, 31% used [0x00000000b5a00000,0x00000000b60ad048,0x00000000b6f00000)
}
Event: 2.284 GC heap before
{Heap before GC invocations=4 (full 0):
 PSYoungGen      total 36864K, used 36843K [0x00000000eaa80000, 0x00000000ef280000, 0x0000000100000000)
  eden space 31744K, 100% used [0x00000000eaa80000,0x00000000ec980000,0x00000000ec980000)
  from space 5120K, 99% used [0x00000000ec980000,0x00000000ece7aff8,0x00000000ece80000)
  to   space 5120K, 0% used [0x00000000eed80000,0x00000000eed80000,0x00000000ef280000)
 ParOldGen       total 83456K, used 14311K [0x00000000c0000000, 0x00000000c5180000, 0x00000000eaa80000)
  object space 83456K, 17% used [0x00000000c0000000,0x00000000c0df9e90,0x00000000c5180000)
 PSPermGen       total 21504K, used 6845K [0x00000000b5a00000, 0x00000000b6f00000, 0x00000000c0000000)
  object space 21504K, 31% used [0x00000000b5a00000,0x00000000b60af548,0x00000000b6f00000)
Event: 2.308 GC heap after
Heap after GC invocations=4 (full 0):
 PSYoungGen      total 68608K, used 4198K [0x00000000eaa80000, 0x00000000ef280000, 0x0000000100000000)
  eden space 63488K, 0% used [0x00000000eaa80000,0x00000000eaa80000,0x00000000ee880000)
  from space 5120K, 81% used [0x00000000eed80000,0x00000000ef199920,0x00000000ef280000)
  to   space 5120K, 0% used [0x00000000ee880000,0x00000000ee880000,0x00000000eed80000)
 ParOldGen       total 83456K, used 26337K [0x00000000c0000000, 0x00000000c5180000, 0x00000000eaa80000)
  object space 83456K, 31% used [0x00000000c0000000,0x00000000c19b8510,0x00000000c5180000)
 PSPermGen       total 21504K, used 6845K [0x00000000b5a00000, 0x00000000b6f00000, 0x00000000c0000000)
  object space 21504K, 31% used [0x00000000b5a00000,0x00000000b60af548,0x00000000b6f00000)
}
Event: 2.634 GC heap before
{Heap before GC invocations=5 (full 0):
 PSYoungGen      total 68608K, used 67686K [0x00000000eaa80000, 0x00000000ef280000, 0x0000000100000000)
  eden space 63488K, 100% used [0x00000000eaa80000,0x00000000ee880000,0x00000000ee880000)
  from space 5120K, 81% used [0x00000000eed80000,0x00000000ef199920,0x00000000ef280000)
  to   space 5120K, 0% used [0x00000000ee880000,0x00000000ee880000,0x00000000eed80000)
 ParOldGen       total 83456K, used 26337K [0x00000000c0000000, 0x00000000c5180000, 0x00000000eaa80000)
  object space 83456K, 31% used [0x00000000c0000000,0x00000000c19b8510,0x00000000c5180000)
 PSPermGen       total 21504K, used 6942K [0x00000000b5a00000, 0x00000000b6f00000, 0x00000000c0000000)
  object space 21504K, 32% used [0x00000000b5a00000,0x00000000b60c7b98,0x00000000b6f00000)

Deoptimization events (10 events):
Event: 1.214 Thread 0x00007f6ca000a000 Uncommon trap: reason=predicate action=maybe_recompile pc=0x00007f6c9cc88418 method=com.android.dex.Leb128.readUnsignedLeb128(Lcom/android/dex/util/ByteInput;)I @ 41
Event: 1.871 Thread 0x00007f6ca000a000 Uncommon trap: reason=predicate action=maybe_recompile pc=0x00007f6c9cccea70 method=java.util.ComparableTimSort.binarySort([Ljava/lang/Object;III)V @ 37
Event: 2.131 Thread 0x00007f6ca000a000 Uncommon trap: reason=array_check action=maybe_recompile pc=0x00007f6c9ccdd34c method=java.util.ComparableTimSort.binarySort([Ljava/lang/Object;III)V @ 193
Event: 2.269 Thread 0x00007f6ca000a000 Uncommon trap: reason=array_check action=maybe_recompile pc=0x00007f6c9ccdd34c method=java.util.ComparableTimSort.binarySort([Ljava/lang/Object;III)V @ 193
Event: 2.360 Thread 0x00007f6ca000a000 Uncommon trap: reason=predicate action=maybe_recompile pc=0x00007f6c9cd0ffd8 method=java.util.TimSort.binarySort([Ljava/lang/Object;IIILjava/util/Comparator;)V @ 37
Event: 2.501 Thread 0x00007f6ca000a000 Uncommon trap: reason=array_check action=maybe_recompile pc=0x00007f6c9cd19f08 method=java.util.TimSort.binarySort([Ljava/lang/Object;IIILjava/util/Comparator;)V @ 193
Event: 2.501 Thread 0x00007f6ca000a000 Uncommon trap: reason=array_check action=maybe_recompile pc=0x00007f6c9cd19f08 method=java.util.TimSort.binarySort([Ljava/lang/Object;IIILjava/util/Comparator;)V @ 193
Event: 2.501 Thread 0x00007f6ca000a000 Uncommon trap: reason=array_check action=maybe_recompile pc=0x00007f6c9cd19fcc method=java.util.TimSort.binarySort([Ljava/lang/Object;IIILjava/util/Comparator;)V @ 183
Event: 2.501 Thread 0x00007f6ca000a000 Uncommon trap: reason=array_check action=maybe_recompile pc=0x00007f6c9cd19f08 method=java.util.TimSort.binarySort([Ljava/lang/Object;IIILjava/util/Comparator;)V @ 193
Event: 2.591 Thread 0x00007f6ca000a000 Uncommon trap: reason=array_check action=maybe_recompile pc=0x00007f6c9ccdd34c method=java.util.ComparableTimSort.binarySort([Ljava/lang/Object;III)V @ 193

Internal exceptions (10 events):
Event: 1.024 Thread 0x00007f6ca000a000 Threw 0x00000000ec8c6390 at /build/buildd/openjdk-7-7u71-2.5.3/build/openjdk/hotspot/src/share/vm/prims/jvm.cpp:1284
Event: 1.027 Thread 0x00007f6ca000a000 Threw 0x00000000ec90dcf8 at /build/buildd/openjdk-7-7u71-2.5.3/build/openjdk/hotspot/src/share/vm/prims/jvm.cpp:1284
Event: 1.027 Thread 0x00007f6ca000a000 Threw 0x00000000ec9109d8 at /build/buildd/openjdk-7-7u71-2.5.3/build/openjdk/hotspot/src/share/vm/prims/jvm.cpp:1284
Event: 1.090 Thread 0x00007f6ca000a000 Threw 0x00000000ec973ef8 at /build/buildd/openjdk-7-7u71-2.5.3/build/openjdk/hotspot/src/share/vm/prims/jvm.cpp:1284
Event: 1.090 Thread 0x00007f6ca000a000 Threw 0x00000000ec974020 at /build/buildd/openjdk-7-7u71-2.5.3/build/openjdk/hotspot/src/share/vm/prims/jvm.cpp:1284
Event: 1.090 Thread 0x00007f6ca000a000 Threw 0x00000000ec9766d0 at /build/buildd/openjdk-7-7u71-2.5.3/build/openjdk/hotspot/src/share/vm/prims/jvm.cpp:1284
Event: 1.090 Thread 0x00007f6ca000a000 Threw 0x00000000ec9767f8 at /build/buildd/openjdk-7-7u71-2.5.3/build/openjdk/hotspot/src/share/vm/prims/jvm.cpp:1284
Event: 1.090 Thread 0x00007f6ca000a000 Threw 0x00000000ec9771f8 at /build/buildd/openjdk-7-7u71-2.5.3/build/openjdk/hotspot/src/share/vm/prims/jvm.cpp:1284
Event: 1.090 Thread 0x00007f6ca000a000 Threw 0x00000000ec977320 at /build/buildd/openjdk-7-7u71-2.5.3/build/openjdk/hotspot/src/share/vm/prims/jvm.cpp:1284
Event: 1.585 Thread 0x00007f6ca000a000 Threw 0x00000000ebdbc7a0 at /build/buildd/openjdk-7-7u71-2.5.3/build/openjdk/hotspot/src/share/vm/prims/jvm.cpp:1284

Events (10 events):
Event: 2.501 Thread 0x00007f6ca000a000 Uncommon trap: trap_request=0xffffffd6 fr.pc=0x00007f6c9cd19fcc
Event: 2.501 Thread 0x00007f6ca000a000 DEOPT PACKING pc=0x00007f6c9cd19fcc sp=0x00007f6ca722e3d0
Event: 2.501 Thread 0x00007f6ca000a000 DEOPT UNPACKING pc=0x00007f6c9cc24445 sp=0x00007f6ca722e398 mode 2
Event: 2.501 Thread 0x00007f6ca000a000 Uncommon trap: trap_request=0xffffffd6 fr.pc=0x00007f6c9cd19f08
Event: 2.501 Thread 0x00007f6ca000a000 DEOPT PACKING pc=0x00007f6c9cd19f08 sp=0x00007f6ca722e3d0
Event: 2.501 Thread 0x00007f6ca000a000 DEOPT UNPACKING pc=0x00007f6c9cc24445 sp=0x00007f6ca722e398 mode 2
Event: 2.591 Thread 0x00007f6ca000a000 Uncommon trap: trap_request=0xffffffd6 fr.pc=0x00007f6c9ccdd34c
Event: 2.591 Thread 0x00007f6ca000a000 DEOPT PACKING pc=0x00007f6c9ccdd34c sp=0x00007f6ca722e450
Event: 2.591 Thread 0x00007f6ca000a000 DEOPT UNPACKING pc=0x00007f6c9cc24445 sp=0x00007f6ca722e418 mode 2
Event: 2.634 Executing VM operation: ParallelGCFailedAllocation


Dynamic libraries:
00400000-00401000 r-xp 00000000 08:05 3284066                            /usr/lib/jvm/java-7-openjdk-amd64/jre/bin/java
00600000-00601000 r--p 00000000 08:05 3284066                            /usr/lib/jvm/java-7-openjdk-amd64/jre/bin/java
00601000-00602000 rw-p 00001000 08:05 3284066                            /usr/lib/jvm/java-7-openjdk-amd64/jre/bin/java
017db000-017fc000 rw-p 00000000 00:00 0                                  [heap]
b5a00000-b6f00000 rw-p 00000000 00:00 0 
b6f00000-c0000000 rw-p 00000000 00:00 0 
c0000000-c5180000 rw-p 00000000 00:00 0 
c5180000-eaa80000 rw-p 00000000 00:00 0 
eaa80000-ef280000 rw-p 00000000 00:00 0 
f3f80000-100000000 rw-p 00000000 00:00 0 
7f6c60000000-7f6c60021000 rw-p 00000000 00:00 0 
7f6c60021000-7f6c64000000 ---p 00000000 00:00 0 
7f6c68000000-7f6c68787000 rw-p 00000000 00:00 0 
7f6c68787000-7f6c6c000000 ---p 00000000 00:00 0 
7f6c6c000000-7f6c6c021000 rw-p 00000000 00:00 0 
7f6c6c021000-7f6c70000000 ---p 00000000 00:00 0 
7f6c70000000-7f6c7093f000 rw-p 00000000 00:00 0 
7f6c7093f000-7f6c74000000 ---p 00000000 00:00 0 
7f6c7631d000-7f6c7647e000 rw-p 00000000 00:00 0 
7f6c7647e000-7f6c764bb000 r-xp 00000000 08:05 2101374                    /lib/x86_64-linux-gnu/libpcre.so.3.13.1
7f6c764bb000-7f6c766ba000 ---p 0003d000 08:05 2101374                    /lib/x86_64-linux-gnu/libpcre.so.3.13.1
7f6c766ba000-7f6c766bb000 r--p 0003c000 08:05 2101374                    /lib/x86_64-linux-gnu/libpcre.so.3.13.1
7f6c766bb000-7f6c766bc000 rw-p 0003d000 08:05 2101374                    /lib/x86_64-linux-gnu/libpcre.so.3.13.1
7f6c766bc000-7f6c766c3000 r-xp 00000000 08:05 3286430                    /usr/lib/x86_64-linux-gnu/libffi.so.6.0.1
7f6c766c3000-7f6c768c2000 ---p 00007000 08:05 3286430                    /usr/lib/x86_64-linux-gnu/libffi.so.6.0.1
7f6c768c2000-7f6c768c3000 r--p 00006000 08:05 3286430                    /usr/lib/x86_64-linux-gnu/libffi.so.6.0.1
7f6c768c3000-7f6c768c4000 rw-p 00007000 08:05 3286430                    /usr/lib/x86_64-linux-gnu/libffi.so.6.0.1
7f6c768c4000-7f6c768db000 r-xp 00000000 08:05 2105954                    /lib/x86_64-linux-gnu/libresolv-2.19.so
7f6c768db000-7f6c76adb000 ---p 00017000 08:05 2105954                    /lib/x86_64-linux-gnu/libresolv-2.19.so
7f6c76adb000-7f6c76adc000 r--p 00017000 08:05 2105954                    /lib/x86_64-linux-gnu/libresolv-2.19.so
7f6c76adc000-7f6c76add000 rw-p 00018000 08:05 2105954                    /lib/x86_64-linux-gnu/libresolv-2.19.so
7f6c76add000-7f6c76adf000 rw-p 00000000 00:00 0 
7f6c76adf000-7f6c76aff000 r-xp 00000000 08:05 2101401                    /lib/x86_64-linux-gnu/libselinux.so.1
7f6c76aff000-7f6c76cfe000 ---p 00020000 08:05 2101401                    /lib/x86_64-linux-gnu/libselinux.so.1
7f6c76cfe000-7f6c76cff000 r--p 0001f000 08:05 2101401                    /lib/x86_64-linux-gnu/libselinux.so.1
7f6c76cff000-7f6c76d00000 rw-p 00020000 08:05 2101401                    /lib/x86_64-linux-gnu/libselinux.so.1
7f6c76d00000-7f6c76d02000 rw-p 00000000 00:00 0 
7f6c76d02000-7f6c76d05000 r-xp 00000000 08:05 3286547                    /usr/lib/x86_64-linux-gnu/libgmodule-2.0.so.0.4000.0
7f6c76d05000-7f6c76f04000 ---p 00003000 08:05 3286547                    /usr/lib/x86_64-linux-gnu/libgmodule-2.0.so.0.4000.0
7f6c76f04000-7f6c76f05000 r--p 00002000 08:05 3286547                    /usr/lib/x86_64-linux-gnu/libgmodule-2.0.so.0.4000.0
7f6c76f05000-7f6c76f06000 rw-p 00003000 08:05 3286547                    /usr/lib/x86_64-linux-gnu/libgmodule-2.0.so.0.4000.0
7f6c76f06000-7f6c7700c000 r-xp 00000000 08:05 2101302                    /lib/x86_64-linux-gnu/libglib-2.0.so.0.4000.0
7f6c7700c000-7f6c7720b000 ---p 00106000 08:05 2101302                    /lib/x86_64-linux-gnu/libglib-2.0.so.0.4000.0
7f6c7720b000-7f6c7720c000 r--p 00105000 08:05 2101302                    /lib/x86_64-linux-gnu/libglib-2.0.so.0.4000.0
7f6c7720c000-7f6c7720d000 rw-p 00106000 08:05 2101302                    /lib/x86_64-linux-gnu/libglib-2.0.so.0.4000.0
7f6c7720d000-7f6c7720e000 rw-p 00000000 00:00 0 
7f6c7720e000-7f6c7725d000 r-xp 00000000 08:05 3286563                    /usr/lib/x86_64-linux-gnu/libgobject-2.0.so.0.4000.0
7f6c7725d000-7f6c7745d000 ---p 0004f000 08:05 3286563                    /usr/lib/x86_64-linux-gnu/libgobject-2.0.so.0.4000.0
7f6c7745d000-7f6c7745e000 r--p 0004f000 08:05 3286563                    /usr/lib/x86_64-linux-gnu/libgobject-2.0.so.0.4000.0
7f6c7745e000-7f6c7745f000 rw-p 00050000 08:05 3286563                    /usr/lib/x86_64-linux-gnu/libgobject-2.0.so.0.4000.0
7f6c7745f000-7f6c775ca000 r-xp 00000000 08:05 3286533                    /usr/lib/x86_64-linux-gnu/libgio-2.0.so.0.4000.0
7f6c775ca000-7f6c777ca000 ---p 0016b000 08:05 3286533                    /usr/lib/x86_64-linux-gnu/libgio-2.0.so.0.4000.0
7f6c777ca000-7f6c777ce000 r--p 0016b000 08:05 3286533                    /usr/lib/x86_64-linux-gnu/libgio-2.0.so.0.4000.0
7f6c777ce000-7f6c777d0000 rw-p 0016f000 08:05 3286533                    /usr/lib/x86_64-linux-gnu/libgio-2.0.so.0.4000.0
7f6c777d0000-7f6c777d2000 rw-p 00000000 00:00 0 
7f6c777d2000-7f6c777e9000 r-xp 00000000 08:05 3283972                    /usr/lib/jvm/java-7-openjdk-amd64/jre/lib/amd64/libnet.so
7f6c777e9000-7f6c779e8000 ---p 00017000 08:05 3283972                    /usr/lib/jvm/java-7-openjdk-amd64/jre/lib/amd64/libnet.so
7f6c779e8000-7f6c779e9000 r--p 00016000 08:05 3283972                    /usr/lib/jvm/java-7-openjdk-amd64/jre/lib/amd64/libnet.so
7f6c779e9000-7f6c779ea000 rw-p 00017000 08:05 3283972                    /usr/lib/jvm/java-7-openjdk-amd64/jre/lib/amd64/libnet.so
7f6c779ea000-7f6c779fa000 r-xp 00000000 08:05 3283987                    /usr/lib/jvm/java-7-openjdk-amd64/jre/lib/amd64/libnio.so
7f6c779fa000-7f6c77bfa000 ---p 00010000 08:05 3283987                    /usr/lib/jvm/java-7-openjdk-amd64/jre/lib/amd64/libnio.so
7f6c77bfa000-7f6c77bfb000 r--p 00010000 08:05 3283987                    /usr/lib/jvm/java-7-openjdk-amd64/jre/lib/amd64/libnio.so
7f6c77bfb000-7f6c77bfc000 rw-p 00011000 08:05 3283987                    /usr/lib/jvm/java-7-openjdk-amd64/jre/lib/amd64/libnio.so
7f6c77bfc000-7f6c77bfd000 ---p 00000000 00:00 0 
7f6c77bfd000-7f6c77cfd000 rw-p 00000000 00:00 0                          [stack:24400]
7f6c77cfd000-7f6c77d00000 ---p 00000000 00:00 0 
7f6c77d00000-7f6c77dfe000 rw-p 00000000 00:00 0                          [stack:24399]
7f6c77dfe000-7f6c77e01000 ---p 00000000 00:00 0 
7f6c77e01000-7f6c77eff000 rw-p 00000000 00:00 0                          [stack:24398]
7f6c77eff000-7f6c77f02000 ---p 00000000 00:00 0 
7f6c77f02000-7f6c78000000 rw-p 00000000 00:00 0                          [stack:24397]
7f6c78000000-7f6c78021000 rw-p 00000000 00:00 0 
7f6c78021000-7f6c7c000000 ---p 00000000 00:00 0 
7f6c7c000000-7f6c7c021000 rw-p 00000000 00:00 0 
7f6c7c021000-7f6c80000000 ---p 00000000 00:00 0 
7f6c80000000-7f6c800e0000 rw-p 00000000 00:00 0 
7f6c800e0000-7f6c84000000 ---p 00000000 00:00 0 
7f6c84000000-7f6c84021000 rw-p 00000000 00:00 0 
7f6c84021000-7f6c88000000 ---p 00000000 00:00 0 
7f6c88000000-7f6c88021000 rw-p 00000000 00:00 0 
7f6c88021000-7f6c8c000000 ---p 00000000 00:00 0 
7f6c8c000000-7f6c8c021000 rw-p 00000000 00:00 0 
7f6c8c021000-7f6c90000000 ---p 00000000 00:00 0 
7f6c90000000-7f6c90021000 rw-p 00000000 00:00 0 
7f6c90021000-7f6c94000000 ---p 00000000 00:00 0 
7f6c940db000-7f6c940de000 ---p 00000000 00:00 0 
7f6c940de000-7f6c941dc000 rw-p 00000000 00:00 0                          [stack:24396]
7f6c941dc000-7f6c948be000 r--p 00000000 08:05 3284844                    /usr/lib/locale/locale-archive
7f6c948be000-7f6c948c1000 ---p 00000000 00:00 0 
7f6c948c1000-7f6c949bf000 rw-p 00000000 00:00 0                          [stack:24395]
7f6c949bf000-7f6c949c2000 ---p 00000000 00:00 0 
7f6c949c2000-7f6c94ac0000 rw-p 00000000 00:00 0                          [stack:24394]
7f6c94ac0000-7f6c94ac1000 ---p 00000000 00:00 0 
7f6c94ac1000-7f6c98000000 rw-p 00000000 00:00 0                          [stack:24393]
7f6c98000000-7f6c98021000 rw-p 00000000 00:00 0 
7f6c98021000-7f6c9c000000 ---p 00000000 00:00 0 
7f6c9c022000-7f6c9c06b000 rw-p 00000000 00:00 0 
7f6c9c06b000-7f6c9c21c000 r--s 01d25000 08:05 3284035                    /usr/lib/jvm/java-7-openjdk-amd64/jre/lib/rt.jar
7f6c9c21c000-7f6c9c540000 rw-p 00000000 00:00 0 
7f6c9c540000-7f6c9c541000 ---p 00000000 00:00 0 
7f6c9c541000-7f6c9c641000 rw-p 00000000 00:00 0                          [stack:24392]
7f6c9c641000-7f6c9c642000 ---p 00000000 00:00 0 
7f6c9c642000-7f6c9c742000 rw-p 00000000 00:00 0                          [stack:24391]
7f6c9c742000-7f6c9c743000 ---p 00000000 00:00 0 
7f6c9c743000-7f6c9c843000 rw-p 00000000 00:00 0                          [stack:24390]
7f6c9c843000-7f6c9c844000 ---p 00000000 00:00 0 
7f6c9c844000-7f6c9c94f000 rw-p 00000000 00:00 0                          [stack:24389]
7f6c9c94f000-7f6c9c997000 rw-p 00000000 00:00 0 
7f6c9c997000-7f6c9c9a2000 rw-p 00000000 00:00 0 
7f6c9c9a2000-7f6c9c9ea000 rw-p 00000000 00:00 0 
7f6c9c9ea000-7f6c9ca13000 rw-p 00000000 00:00 0 
7f6c9ca13000-7f6c9cb3f000 rw-p 00000000 00:00 0 
7f6c9cb3f000-7f6c9cb64000 rw-p 00000000 00:00 0 
7f6c9cb64000-7f6c9cbea000 rw-p 00000000 00:00 0 
7f6c9cbea000-7f6c9cbeb000 rw-p 00000000 00:00 0 
7f6c9cbeb000-7f6c9ce5b000 rwxp 00000000 00:00 0 
7f6c9ce5b000-7f6c9fbeb000 rw-p 00000000 00:00 0 
7f6c9fbeb000-7f6c9fbf3000 r-xp 00000000 08:05 3283964                    /usr/lib/jvm/java-7-openjdk-amd64/jre/lib/amd64/libzip.so
7f6c9fbf3000-7f6c9fdf2000 ---p 00008000 08:05 3283964                    /usr/lib/jvm/java-7-openjdk-amd64/jre/lib/amd64/libzip.so
7f6c9fdf2000-7f6c9fdf3000 r--p 00007000 08:05 3283964                    /usr/lib/jvm/java-7-openjdk-amd64/jre/lib/amd64/libzip.so
7f6c9fdf3000-7f6c9fdf4000 rw-p 00008000 08:05 3283964                    /usr/lib/jvm/java-7-openjdk-amd64/jre/lib/amd64/libzip.so
7f6c9fdf4000-7f6c9fdff000 r-xp 00000000 08:05 2105959                    /lib/x86_64-linux-gnu/libnss_files-2.19.so
7f6c9fdff000-7f6c9fffe000 ---p 0000b000 08:05 2105959                    /lib/x86_64-linux-gnu/libnss_files-2.19.so
7f6c9fffe000-7f6c9ffff000 r--p 0000a000 08:05 2105959                    /lib/x86_64-linux-gnu/libnss_files-2.19.so
7f6c9ffff000-7f6ca0000000 rw-p 0000b000 08:05 2105959                    /lib/x86_64-linux-gnu/libnss_files-2.19.so
7f6ca0000000-7f6ca037d000 rw-p 00000000 00:00 0 
7f6ca037d000-7f6ca4000000 ---p 00000000 00:00 0 
7f6ca4016000-7f6ca401b000 r--s 0004c000 08:05 3284012                    /usr/lib/jvm/java-7-openjdk-amd64/jre/lib/jsse.jar
7f6ca401b000-7f6ca402a000 r--s 000dd000 08:05 1840499                    /home/sari/Development/IDE/Android/sdk/build-tools/21.1.2/lib/dx.jar
7f6ca402a000-7f6ca402e000 r--s 00085000 08:05 3284032                    /usr/lib/jvm/java-7-openjdk-amd64/jre/lib/ext/localedata.jar
7f6ca402e000-7f6ca4057000 rw-p 00000000 00:00 0 
7f6ca4057000-7f6ca4184000 rw-p 00000000 00:00 0 
7f6ca4184000-7f6ca418f000 r-xp 00000000 08:05 2105956                    /lib/x86_64-linux-gnu/libnss_nis-2.19.so
7f6ca418f000-7f6ca438e000 ---p 0000b000 08:05 2105956                    /lib/x86_64-linux-gnu/libnss_nis-2.19.so
7f6ca438e000-7f6ca438f000 r--p 0000a000 08:05 2105956                    /lib/x86_64-linux-gnu/libnss_nis-2.19.so
7f6ca438f000-7f6ca4390000 rw-p 0000b000 08:05 2105956                    /lib/x86_64-linux-gnu/libnss_nis-2.19.so
7f6ca4390000-7f6ca43a7000 r-xp 00000000 08:05 2105950                    /lib/x86_64-linux-gnu/libnsl-2.19.so
7f6ca43a7000-7f6ca45a6000 ---p 00017000 08:05 2105950                    /lib/x86_64-linux-gnu/libnsl-2.19.so
7f6ca45a6000-7f6ca45a7000 r--p 00016000 08:05 2105950                    /lib/x86_64-linux-gnu/libnsl-2.19.so
7f6ca45a7000-7f6ca45a8000 rw-p 00017000 08:05 2105950                    /lib/x86_64-linux-gnu/libnsl-2.19.so
7f6ca45a8000-7f6ca45aa000 rw-p 00000000 00:00 0 
7f6ca45aa000-7f6ca45b3000 r-xp 00000000 08:05 2105912                    /lib/x86_64-linux-gnu/libnss_compat-2.19.so
7f6ca45b3000-7f6ca47b2000 ---p 00009000 08:05 2105912                    /lib/x86_64-linux-gnu/libnss_compat-2.19.so
7f6ca47b2000-7f6ca47b3000 r--p 00008000 08:05 2105912                    /lib/x86_64-linux-gnu/libnss_compat-2.19.so
7f6ca47b3000-7f6ca47b4000 rw-p 00009000 08:05 2105912                    /lib/x86_64-linux-gnu/libnss_compat-2.19.so
7f6ca47b4000-7f6ca47df000 r-xp 00000000 08:05 3283971                    /usr/lib/jvm/java-7-openjdk-amd64/jre/lib/amd64/libjava.so
7f6ca47df000-7f6ca49de000 ---p 0002b000 08:05 3283971                    /usr/lib/jvm/java-7-openjdk-amd64/jre/lib/amd64/libjava.so
7f6ca49de000-7f6ca49df000 r--p 0002a000 08:05 3283971                    /usr/lib/jvm/java-7-openjdk-amd64/jre/lib/amd64/libjava.so
7f6ca49df000-7f6ca49e1000 rw-p 0002b000 08:05 3283971                    /usr/lib/jvm/java-7-openjdk-amd64/jre/lib/amd64/libjava.so
7f6ca49e1000-7f6ca49f1000 r-xp 00000000 08:05 3283986                    /usr/lib/jvm/java-7-openjdk-amd64/jre/lib/amd64/libverify.so
7f6ca49f1000-7f6ca4bf0000 ---p 00010000 08:05 3283986                    /usr/lib/jvm/java-7-openjdk-amd64/jre/lib/amd64/libverify.so
7f6ca4bf0000-7f6ca4bf2000 r--p 0000f000 08:05 3283986                    /usr/lib/jvm/java-7-openjdk-amd64/jre/lib/amd64/libverify.so
7f6ca4bf2000-7f6ca4bf3000 rw-p 00011000 08:05 3283986                    /usr/lib/jvm/java-7-openjdk-amd64/jre/lib/amd64/libverify.so
7f6ca4bf3000-7f6ca4bfa000 r-xp 00000000 08:05 2105907                    /lib/x86_64-linux-gnu/librt-2.19.so
7f6ca4bfa000-7f6ca4df9000 ---p 00007000 08:05 2105907                    /lib/x86_64-linux-gnu/librt-2.19.so
7f6ca4df9000-7f6ca4dfa000 r--p 00006000 08:05 2105907                    /lib/x86_64-linux-gnu/librt-2.19.so
7f6ca4dfa000-7f6ca4dfb000 rw-p 00007000 08:05 2105907                    /lib/x86_64-linux-gnu/librt-2.19.so
7f6ca4dfb000-7f6ca4e11000 r-xp 00000000 08:05 2105901                    /lib/x86_64-linux-gnu/libgcc_s.so.1
7f6ca4e11000-7f6ca5010000 ---p 00016000 08:05 2105901                    /lib/x86_64-linux-gnu/libgcc_s.so.1
7f6ca5010000-7f6ca5011000 rw-p 00015000 08:05 2105901                    /lib/x86_64-linux-gnu/libgcc_s.so.1
7f6ca5011000-7f6ca5116000 r-xp 00000000 08:05 2105949                    /lib/x86_64-linux-gnu/libm-2.19.so
7f6ca5116000-7f6ca5315000 ---p 00105000 08:05 2105949                    /lib/x86_64-linux-gnu/libm-2.19.so
7f6ca5315000-7f6ca5316000 r--p 00104000 08:05 2105949                    /lib/x86_64-linux-gnu/libm-2.19.so
7f6ca5316000-7f6ca5317000 rw-p 00105000 08:05 2105949                    /lib/x86_64-linux-gnu/libm-2.19.so
7f6ca5317000-7f6ca53fd000 r-xp 00000000 08:05 3287058                    /usr/lib/x86_64-linux-gnu/libstdc++.so.6.0.19
7f6ca53fd000-7f6ca55fc000 ---p 000e6000 08:05 3287058                    /usr/lib/x86_64-linux-gnu/libstdc++.so.6.0.19
7f6ca55fc000-7f6ca5604000 r--p 000e5000 08:05 3287058                    /usr/lib/x86_64-linux-gnu/libstdc++.so.6.0.19
7f6ca5604000-7f6ca5606000 rw-p 000ed000 08:05 3287058                    /usr/lib/x86_64-linux-gnu/libstdc++.so.6.0.19
7f6ca5606000-7f6ca561b000 rw-p 00000000 00:00 0 
7f6ca561b000-7f6ca6131000 r-xp 00000000 08:05 3283993                    /usr/lib/jvm/java-7-openjdk-amd64/jre/lib/amd64/server/libjvm.so
7f6ca6131000-7f6ca6330000 ---p 00b16000 08:05 3283993                    /usr/lib/jvm/java-7-openjdk-amd64/jre/lib/amd64/server/libjvm.so
7f6ca6330000-7f6ca63ca000 r--p 00b15000 08:05 3283993                    /usr/lib/jvm/java-7-openjdk-amd64/jre/lib/amd64/server/libjvm.so
7f6ca63ca000-7f6ca63ed000 rw-p 00baf000 08:05 3283993                    /usr/lib/jvm/java-7-openjdk-amd64/jre/lib/amd64/server/libjvm.so
7f6ca63ed000-7f6ca641b000 rw-p 00000000 00:00 0 
7f6ca641b000-7f6ca6433000 r-xp 00000000 08:05 2101434                    /lib/x86_64-linux-gnu/libz.so.1.2.8
7f6ca6433000-7f6ca6632000 ---p 00018000 08:05 2101434                    /lib/x86_64-linux-gnu/libz.so.1.2.8
7f6ca6632000-7f6ca6633000 r--p 00017000 08:05 2101434                    /lib/x86_64-linux-gnu/libz.so.1.2.8
7f6ca6633000-7f6ca6634000 rw-p 00018000 08:05 2101434                    /lib/x86_64-linux-gnu/libz.so.1.2.8
7f6ca6634000-7f6ca664d000 r-xp 00000000 08:05 2105958                    /lib/x86_64-linux-gnu/libpthread-2.19.so
7f6ca664d000-7f6ca684c000 ---p 00019000 08:05 2105958                    /lib/x86_64-linux-gnu/libpthread-2.19.so
7f6ca684c000-7f6ca684d000 r--p 00018000 08:05 2105958                    /lib/x86_64-linux-gnu/libpthread-2.19.so
7f6ca684d000-7f6ca684e000 rw-p 00019000 08:05 2105958                    /lib/x86_64-linux-gnu/libpthread-2.19.so
7f6ca684e000-7f6ca6852000 rw-p 00000000 00:00 0 
7f6ca6852000-7f6ca6855000 r-xp 00000000 08:05 2105910                    /lib/x86_64-linux-gnu/libdl-2.19.so
7f6ca6855000-7f6ca6a54000 ---p 00003000 08:05 2105910                    /lib/x86_64-linux-gnu/libdl-2.19.so
7f6ca6a54000-7f6ca6a55000 r--p 00002000 08:05 2105910                    /lib/x86_64-linux-gnu/libdl-2.19.so
7f6ca6a55000-7f6ca6a56000 rw-p 00003000 08:05 2105910                    /lib/x86_64-linux-gnu/libdl-2.19.so
7f6ca6a56000-7f6ca6c11000 r-xp 00000000 08:05 2105906                    /lib/x86_64-linux-gnu/libc-2.19.so
7f6ca6c11000-7f6ca6e11000 ---p 001bb000 08:05 2105906                    /lib/x86_64-linux-gnu/libc-2.19.so
7f6ca6e11000-7f6ca6e15000 r--p 001bb000 08:05 2105906                    /lib/x86_64-linux-gnu/libc-2.19.so
7f6ca6e15000-7f6ca6e17000 rw-p 001bf000 08:05 2105906                    /lib/x86_64-linux-gnu/libc-2.19.so
7f6ca6e17000-7f6ca6e1c000 rw-p 00000000 00:00 0 
7f6ca6e1c000-7f6ca6e29000 r-xp 00000000 08:05 3283969                    /usr/lib/jvm/java-7-openjdk-amd64/jre/lib/amd64/jli/libjli.so
7f6ca6e29000-7f6ca7028000 ---p 0000d000 08:05 3283969                    /usr/lib/jvm/java-7-openjdk-amd64/jre/lib/amd64/jli/libjli.so
7f6ca7028000-7f6ca7029000 r--p 0000c000 08:05 3283969                    /usr/lib/jvm/java-7-openjdk-amd64/jre/lib/amd64/jli/libjli.so
7f6ca7029000-7f6ca702a000 rw-p 0000d000 08:05 3283969                    /usr/lib/jvm/java-7-openjdk-amd64/jre/lib/amd64/jli/libjli.so
7f6ca702a000-7f6ca704d000 r-xp 00000000 08:05 2105904                    /lib/x86_64-linux-gnu/ld-2.19.so
7f6ca704f000-7f6ca7053000 r--s 00034000 08:05 3284033                    /usr/lib/jvm/java-7-openjdk-amd64/jre/lib/ext/sunjce_provider.jar
7f6ca7053000-7f6ca7057000 r--s 0003c000 08:05 3284031                    /usr/lib/jvm/java-7-openjdk-amd64/jre/lib/ext/sunpkcs11.jar
7f6ca7057000-7f6ca7079000 rw-p 00000000 00:00 0 
7f6ca7079000-7f6ca712f000 rw-p 00000000 00:00 0 
7f6ca712f000-7f6ca7132000 ---p 00000000 00:00 0 
7f6ca7132000-7f6ca7235000 rw-p 00000000 00:00 0                          [stack:24388]
7f6ca7236000-7f6ca7237000 rw-p 00000000 00:00 0 
7f6ca7237000-7f6ca7238000 r--p 00000000 08:05 276560                     /usr/share/locale-langpack/en_GB/LC_MESSAGES/libc.mo
7f6ca7238000-7f6ca723a000 r--s 00012000 08:05 3284030                    /usr/lib/jvm/java-7-openjdk-amd64/jre/lib/ext/zipfs.jar
7f6ca723a000-7f6ca723d000 r--s 0000f000 08:05 3284029                    /usr/lib/jvm/java-7-openjdk-amd64/jre/lib/ext/icedtea-sound.jar
7f6ca723d000-7f6ca723e000 r--s 00002000 08:05 3284034                    /usr/lib/jvm/java-7-openjdk-amd64/jre/lib/ext/dnsns.jar
7f6ca723e000-7f6ca7240000 r--s 00006000 08:05 8366                       /usr/share/java/java-atk-wrapper.jar
7f6ca7240000-7f6ca7248000 rw-s 00000000 08:05 1049156                    /tmp/hsperfdata_sari/24380
7f6ca7248000-7f6ca7249000 rw-p 00000000 00:00 0 
7f6ca7249000-7f6ca724a000 ---p 00000000 00:00 0 
7f6ca724a000-7f6ca724c000 rw-p 00000000 00:00 0 
7f6ca724c000-7f6ca724d000 r--p 00022000 08:05 2105904                    /lib/x86_64-linux-gnu/ld-2.19.so
7f6ca724d000-7f6ca724e000 rw-p 00023000 08:05 2105904                    /lib/x86_64-linux-gnu/ld-2.19.so
7f6ca724e000-7f6ca724f000 rw-p 00000000 00:00 0 
7fff00fa2000-7fff00fc3000 rw-p 00000000 00:00 0                          [stack]
7fff00ffe000-7fff01000000 r-xp 00000000 00:00 0                          [vdso]
ffffffffff600000-ffffffffff601000 r-xp 00000000 00:00 0                  [vsyscall]

VM Arguments:
jvm_args: -Xmx1024M 
java_command: /home/sari/Development/IDE/Android/sdk/build-tools/21.1.2/lib/dx.jar --dex --no-optimize --output /home/sari/Development/Jobs/RandWalk/app/build/intermediates/dex/debug --input-list=/home/sari/Development/Jobs/RandWalk/app/build/intermediates/tmp/dex/debug/inputList.txt
Launcher Type: SUN_STANDARD

Environment Variables:
CLASSPATH=./../lib/bootstrap.jar:./../lib/extensions.jar:./../lib/util.jar:./../lib/jdom.jar:./../lib/log4j.jar:./../lib/trove4j.jar:./../lib/jna.jar:/usr/lib/jvm/java-7-openjdk-amd64/lib/tools.jar
PATH=/home/sari/Development/IDE/google-cloud-sdk/bin:/usr/local/sbin:/usr/local/bin:/usr/sbin:/usr/bin:/sbin:/bin:/usr/games:/usr/local/games
LD_LIBRARY_PATH=.:
SHELL=/bin/bash
DISPLAY=:0

Signal Handlers:
SIGSEGV: [libjvm.so+0x9495e0], sa_mask[0]=0x7ffbfeff, sa_flags=0x10000004
SIGBUS: [libjvm.so+0x9495e0], sa_mask[0]=0x7ffbfeff, sa_flags=0x10000004
SIGFPE: [libjvm.so+0x7c3410], sa_mask[0]=0x7ffbfeff, sa_flags=0x10000004
SIGPIPE: [libjvm.so+0x7c3410], sa_mask[0]=0x7ffbfeff, sa_flags=0x10000004
SIGXFSZ: [libjvm.so+0x7c3410], sa_mask[0]=0x7ffbfeff, sa_flags=0x10000004
SIGILL: [libjvm.so+0x7c3410], sa_mask[0]=0x7ffbfeff, sa_flags=0x10000004
SIGUSR1: SIG_DFL, sa_mask[0]=0x00000000, sa_flags=0x00000000
SIGUSR2: [libjvm.so+0x7c32b0], sa_mask[0]=0x00000004, sa_flags=0x10000004
SIGHUP: [libjvm.so+0x7c3490], sa_mask[0]=0x7ffbfeff, sa_flags=0x10000004
SIGINT: [libjvm.so+0x7c3490], sa_mask[0]=0x7ffbfeff, sa_flags=0x10000004
SIGTERM: [libjvm.so+0x7c3490], sa_mask[0]=0x7ffbfeff, sa_flags=0x10000004
SIGQUIT: [libjvm.so+0x7c3490], sa_mask[0]=0x7ffbfeff, sa_flags=0x10000004
SIGTRAP: SIG_DFL, sa_mask[0]=0x00000000, sa_flags=0x00000000


---------------  S Y S T E M  ---------------

OS:Ubuntu 14.04 (trusty)
uname:Linux 3.13.0-44-generic #73-Ubuntu SMP Tue Dec 16 00:22:43 UTC 2014 x86_64
libc:glibc 2.19 NPTL 2.19 
rlimit: STACK 8192k, CORE 0k, NPROC 62663, NOFILE 4096, AS infinity
load average:1.40 1.62 1.49

/proc/meminfo:
MemTotal:        8042464 kB
MemFree:          116344 kB
Buffers:            1048 kB
Cached:          1021840 kB
SwapCached:            0 kB
Active:          6706812 kB
Inactive:         947204 kB
Active(anon):    6694544 kB
Inactive(anon):   938116 kB
Active(file):      12268 kB
Inactive(file):     9088 kB
Unevictable:         148 kB
Mlocked:             148 kB
SwapTotal:             0 kB
SwapFree:              0 kB
Dirty:               180 kB
Writeback:             0 kB
AnonPages:       6632128 kB
Mapped:           338612 kB
Shmem:           1000612 kB
Slab:              94000 kB
SReclaimable:      42728 kB
SUnreclaim:        51272 kB
KernelStack:        7696 kB
PageTables:        74292 kB
NFS_Unstable:          0 kB
Bounce:                0 kB
WritebackTmp:          0 kB
CommitLimit:     4021232 kB
Committed_AS:   15646604 kB
VmallocTotal:   34359738367 kB
VmallocUsed:      412004 kB
VmallocChunk:   34359320060 kB
HardwareCorrupted:     0 kB
AnonHugePages:    993280 kB
HugePages_Total:       0
HugePages_Free:        0
HugePages_Rsvd:        0
HugePages_Surp:        0
Hugepagesize:       2048 kB
DirectMap4k:      154872 kB
DirectMap2M:     8099840 kB


CPU:total 4 (2 cores per cpu, 2 threads per core) family 6 model 58 stepping 9, cmov, cx8, fxsr, mmx, sse, sse2, sse3, ssse3, sse4.1, sse4.2, popcnt, avx, aes, erms, ht, tsc, tscinvbit, tscinv

/proc/cpuinfo:
processor	: 0
vendor_id	: GenuineIntel
cpu family	: 6
model		: 58
model name	: Intel(R) Core(TM) i5-3210M CPU @ 2.50GHz
stepping	: 9
microcode	: 0x15
cpu MHz		: 2500.000
cache size	: 3072 KB
physical id	: 0
siblings	: 4
core id		: 0
cpu cores	: 2
apicid		: 0
initial apicid	: 0
fpu		: yes
fpu_exception	: yes
cpuid level	: 13
wp		: yes
flags		: fpu vme de pse tsc msr pae mce cx8 apic sep mtrr pge mca cmov pat pse36 clflush dts acpi mmx fxsr sse sse2 ss ht tm pbe syscall nx rdtscp lm constant_tsc arch_perfmon pebs bts rep_good nopl xtopology nonstop_tsc aperfmperf eagerfpu pni pclmulqdq dtes64 monitor ds_cpl vmx est tm2 ssse3 cx16 xtpr pdcm pcid sse4_1 sse4_2 x2apic popcnt tsc_deadline_timer aes xsave avx f16c rdrand lahf_lm ida arat epb xsaveopt pln pts dtherm tpr_shadow vnmi flexpriority ept vpid fsgsbase smep erms
bogomips	: 4988.53
clflush size	: 64
cache_alignment	: 64
address sizes	: 36 bits physical, 48 bits virtual
power management:

processor	: 1
vendor_id	: GenuineIntel
cpu family	: 6
model		: 58
model name	: Intel(R) Core(TM) i5-3210M CPU @ 2.50GHz
stepping	: 9
microcode	: 0x15
cpu MHz		: 2500.000
cache size	: 3072 KB
physical id	: 0
siblings	: 4
core id		: 0
cpu cores	: 2
apicid		: 1
initial apicid	: 1
fpu		: yes
fpu_exception	: yes
cpuid level	: 13
wp		: yes
flags		: fpu vme de pse tsc msr pae mce cx8 apic sep mtrr pge mca cmov pat pse36 clflush dts acpi mmx fxsr sse sse2 ss ht tm pbe syscall nx rdtscp lm constant_tsc arch_perfmon pebs bts rep_good nopl xtopology nonstop_tsc aperfmperf eagerfpu pni pclmulqdq dtes64 monitor ds_cpl vmx est tm2 ssse3 cx16 xtpr pdcm pcid sse4_1 sse4_2 x2apic popcnt tsc_deadline_timer aes xsave avx f16c rdrand lahf_lm ida arat epb xsaveopt pln pts dtherm tpr_shadow vnmi flexpriority ept vpid fsgsbase smep erms
bogomips	: 4988.53
clflush size	: 64
cache_alignment	: 64
address sizes	: 36 bits physical, 48 bits virtual
power management:

processor	: 2
vendor_id	: GenuineIntel
cpu family	: 6
model		: 58
model name	: Intel(R) Core(TM) i5-3210M CPU @ 2.50GHz
stepping	: 9
microcode	: 0x15
cpu MHz		: 2100.000
cache size	: 3072 KB
physical id	: 0
siblings	: 4
core id		: 1
cpu cores	: 2
apicid		: 2
initial apicid	: 2
fpu		: yes
fpu_exception	: yes
cpuid level	: 13
wp		: yes
flags		: fpu vme de pse tsc msr pae mce cx8 apic sep mtrr pge mca cmov pat pse36 clflush dts acpi mmx fxsr sse sse2 ss ht tm pbe syscall nx rdtscp lm constant_tsc arch_perfmon pebs bts rep_good nopl xtopology nonstop_tsc aperfmperf eagerfpu pni pclmulqdq dtes64 monitor ds_cpl vmx est tm2 ssse3 cx16 xtpr pdcm pcid sse4_1 sse4_2 x2apic popcnt tsc_deadline_timer aes xsave avx f16c rdrand lahf_lm ida arat epb xsaveopt pln pts dtherm tpr_shadow vnmi flexpriority ept vpid fsgsbase smep erms
bogomips	: 4988.53
clflush size	: 64
cache_alignment	: 64
address sizes	: 36 bits physical, 48 bits virtual
power management:

processor	: 3
vendor_id	: GenuineIntel
cpu family	: 6
model		: 58
model name	: Intel(R) Core(TM) i5-3210M CPU @ 2.50GHz
stepping	: 9
microcode	: 0x15
cpu MHz		: 2100.000
cache size	: 3072 KB
physical id	: 0
siblings	: 4
core id		: 1
cpu cores	: 2
apicid		: 3
initial apicid	: 3
fpu		: yes
fpu_exception	: yes
cpuid level	: 13
wp		: yes
flags		: fpu vme de pse tsc msr pae mce cx8 apic sep mtrr pge mca cmov pat pse36 clflush dts acpi mmx fxsr sse sse2 ss ht tm pbe syscall nx rdtscp lm constant_tsc arch_perfmon pebs bts rep_good nopl xtopology nonstop_tsc aperfmperf eagerfpu pni pclmulqdq dtes64 monitor ds_cpl vmx est tm2 ssse3 cx16 xtpr pdcm pcid sse4_1 sse4_2 x2apic popcnt tsc_deadline_timer aes xsave avx f16c rdrand lahf_lm ida arat epb xsaveopt pln pts dtherm tpr_shadow vnmi flexpriority ept vpid fsgsbase smep erms
bogomips	: 4988.53
clflush size	: 64
cache_alignment	: 64
address sizes	: 36 bits physical, 48 bits virtual
power management:



Memory: 4k page, physical 8042464k(116392k free), swap 0k(0k free)

vm_info: OpenJDK 64-Bit Server VM (24.65-b04) for linux-amd64 JRE (1.7.0_65-b32), built on Oct 22 2014 04:37:44 by "buildd" with gcc 4.8.2

time: Wed Jan 28 22:53:01 2015
elapsed time: 2 seconds

