#
# There is insufficient memory for the Java Runtime Environment to continue.
# Native memory allocation (malloc) failed to allocate 84934656 bytes for committing reserved memory.
# Possible reasons:
#   The system is out of physical RAM or swap space
#   In 32 bit mode, the process size limit was hit
# Possible solutions:
#   Reduce memory load on the system
#   Increase physical memory or swap space
#   Check if swap backing store is full
#   Use 64 bit Java on a 64 bit OS
#   Decrease Java heap size (-Xmx/-Xms)
#   Decrease number of Java threads
#   Decrease Java thread stack sizes (-Xss)
#   Set larger code cache with -XX:ReservedCodeCacheSize=
# This output file may be truncated or incomplete.
#
#  Out of Memory Error (os_linux.cpp:2798), pid=13060, tid=140530867476224
#
# JRE version: OpenJDK Runtime Environment (7.0_65-b32) (build 1.7.0_65-b32)
# Java VM: OpenJDK 64-Bit Server VM (24.65-b04 mixed mode linux-amd64 compressed oops)
# Derivative: IcedTea 2.5.3
# Distribution: Ubuntu 14.04 LTS, package 7u71-2.5.3-0ubuntu0.14.04.1
# Failed to write core dump. Core dumps have been disabled. To enable core dumping, try "ulimit -c unlimited" before starting Java again
#

---------------  T H R E A D  ---------------

Current thread (0x00007fcfe013c800):  VMThread [stack: 0x00007fcfe45f9000,0x00007fcfe46fa000] [id=13075]

Stack: [0x00007fcfe45f9000,0x00007fcfe46fa000],  sp=0x00007fcfe46f8490,  free space=1021k
Native frames: (J=compiled Java code, j=interpreted, Vv=VM code, C=native code)
V  [libjvm.so+0x948b05]  VMError::report_and_die()+0x175
V  [libjvm.so+0x48bc34]  report_vm_out_of_memory(char const*, int, unsigned long, char const*)+0x74
V  [libjvm.so+0x7c7bfb]  os::pd_commit_memory(char*, unsigned long, unsigned long, bool)+0xeb
V  [libjvm.so+0x7c26bf]  os::commit_memory(char*, unsigned long, unsigned long, bool)+0x1f
V  [libjvm.so+0x833e4b]  PSVirtualSpace::expand_by(unsigned long)+0x5b
V  [libjvm.so+0x834ca0]  PSYoungGen::resize_generation(unsigned long, unsigned long)+0xb0
V  [libjvm.so+0x83538b]  PSYoungGen::resize(unsigned long, unsigned long)+0x1b
V  [libjvm.so+0x831670]  PSScavenge::invoke_no_policy()+0xde0
V  [libjvm.so+0x831e48]  PSScavenge::invoke()+0x38
V  [libjvm.so+0x7e8823]  ParallelScavengeHeap::failed_mem_allocate(unsigned long)+0x63
V  [libjvm.so+0x94a504]  VM_ParallelGCFailedAllocation::doit()+0x84
V  [libjvm.so+0x94e9f7]  VM_Operation::evaluate()+0x47
V  [libjvm.so+0x94d368]  VMThread::evaluate_operation(VM_Operation*)+0x318
V  [libjvm.so+0x94d7c9]  VMThread::loop()+0x219
V  [libjvm.so+0x94dc12]  VMThread::run()+0x72
V  [libjvm.so+0x7c4ac2]  java_start(Thread*)+0xf2

VM_Operation (0x00007fcfe97de630): ParallelGCFailedAllocation, mode: safepoint, requested by thread 0x00007fcfe000a000


---------------  P R O C E S S  ---------------

Java Threads: ( => current thread )
  0x00007fcfe0176000 JavaThread "Service Thread" daemon [_thread_blocked, id=13081, stack(0x00007fcfdc81d000,0x00007fcfdc91e000)]
  0x00007fcfe0173800 JavaThread "C2 CompilerThread1" daemon [_thread_blocked, id=13080, stack(0x00007fcfe40f4000,0x00007fcfe41f5000)]
  0x00007fcfe0170800 JavaThread "C2 CompilerThread0" daemon [_thread_blocked, id=13079, stack(0x00007fcfe41f5000,0x00007fcfe42f6000)]
  0x00007fcfe016e800 JavaThread "Signal Dispatcher" daemon [_thread_blocked, id=13078, stack(0x00007fcfe42f6000,0x00007fcfe43f7000)]
  0x00007fcfe0143000 JavaThread "Finalizer" daemon [_thread_blocked, id=13077, stack(0x00007fcfe43f7000,0x00007fcfe44f8000)]
  0x00007fcfe0141000 JavaThread "Reference Handler" daemon [_thread_blocked, id=13076, stack(0x00007fcfe44f8000,0x00007fcfe45f9000)]
  0x00007fcfe000a000 JavaThread "main" [_thread_blocked, id=13070, stack(0x00007fcfe96df000,0x00007fcfe97e0000)]

Other Threads:
=>0x00007fcfe013c800 VMThread [stack: 0x00007fcfe45f9000,0x00007fcfe46fa000] [id=13075]
  0x00007fcfe0180800 WatcherThread [stack: 0x00007fcfdc71c000,0x00007fcfdc81d000] [id=13082]

VM state:at safepoint (normal execution)

VM Mutex/Monitor currently owned by a thread:  ([mutex/lock_event])
[0x00007fcfe00067c0] Threads_lock - owner thread: 0x00007fcfe013c800
[0x00007fcfe0006cc0] Heap_lock - owner thread: 0x00007fcfe000a000

Heap
 PSYoungGen      total 68608K, used 4846K [0x00000000eaa80000, 0x00000000ef280000, 0x0000000100000000)
  eden space 63488K, 0% used [0x00000000eaa80000,0x00000000eaa80000,0x00000000ee880000)
  from space 5120K, 94% used [0x00000000ee880000,0x00000000eed3ba08,0x00000000eed80000)
  to   space 5120K, 0% used [0x00000000eed80000,0x00000000eed80000,0x00000000ef280000)
 ParOldGen       total 83456K, used 25893K [0x00000000c0000000, 0x00000000c5180000, 0x00000000eaa80000)
  object space 83456K, 31% used [0x00000000c0000000,0x00000000c19496a8,0x00000000c5180000)
 PSPermGen       total 21504K, used 7005K [0x00000000b5a00000, 0x00000000b6f00000, 0x00000000c0000000)
  object space 21504K, 32% used [0x00000000b5a00000,0x00000000b60d7530,0x00000000b6f00000)

Card table byte_map: [0x00007fcfe60d4000,0x00007fcfe6328000] byte_map_base: 0x00007fcfe5b27000

Polling page: 0x00007fcfe9802000

Code Cache  [0x00007fcfdd000000, 0x00007fcfdd270000, 0x00007fcfe0000000)
 total_blobs=788 nmethods=536 adapters=205 free_code_cache=47716Kb largest_free_block=48833280

Compilation events (10 events):
Event: 2.555 Thread 0x00007fcfe0170800  535             com.android.dx.io.instructions.DecodedInstruction::getLiteralByte (58 bytes)
Event: 2.555 Thread 0x00007fcfe0170800 nmethod 535 0x00007fcfdd16ae50 code [0x00007fcfdd16af80, 0x00007fcfdd16aff8]
Event: 2.566 Thread 0x00007fcfe0173800 nmethod 532 0x00007fcfdd168750 code [0x00007fcfdd168900, 0x00007fcfdd169318]
Event: 2.567 Thread 0x00007fcfe0170800  536             com.android.dx.io.instructions.InstructionCodec$16::decode (58 bytes)
Event: 2.567 Thread 0x00007fcfe0173800  537             com.android.dx.io.instructions.InstructionCodec$16::encode (37 bytes)
Event: 2.569 Thread 0x00007fcfe0170800 nmethod 536 0x00007fcfdd168250 code [0x00007fcfdd1683a0, 0x00007fcfdd168598]
Event: 2.570 Thread 0x00007fcfe0173800 nmethod 537 0x00007fcfdd16bcd0 code [0x00007fcfdd16be40, 0x00007fcfdd16c078]
Event: 2.582 Thread 0x00007fcfe0170800  538             com.android.dx.io.instructions.DecodedInstruction::getLiteralUnit (55 bytes)
Event: 2.582 Thread 0x00007fcfe0170800 nmethod 538 0x00007fcfdd168010 code [0x00007fcfdd168140, 0x00007fcfdd1681b8]
Event: 3.631 Thread 0x00007fcfe0173800  539             java.lang.AbstractStringBuilder::ensureCapacityInternal (16 bytes)

GC Heap History (9 events):
Event: 1.114 GC heap before
{Heap before GC invocations=1 (full 0):
 PSYoungGen      total 36864K, used 31744K [0x00000000eaa80000, 0x00000000ed380000, 0x0000000100000000)
  eden space 31744K, 100% used [0x00000000eaa80000,0x00000000ec980000,0x00000000ec980000)
  from space 5120K, 0% used [0x00000000ece80000,0x00000000ece80000,0x00000000ed380000)
  to   space 5120K, 0% used [0x00000000ec980000,0x00000000ec980000,0x00000000ece80000)
 ParOldGen       total 83456K, used 0K [0x00000000c0000000, 0x00000000c5180000, 0x00000000eaa80000)
  object space 83456K, 0% used [0x00000000c0000000,0x00000000c0000000,0x00000000c5180000)
 PSPermGen       total 21504K, used 5760K [0x00000000b5a00000, 0x00000000b6f00000, 0x00000000c0000000)
  object space 21504K, 26% used [0x00000000b5a00000,0x00000000b5fa0380,0x00000000b6f00000)
Event: 1.121 GC heap after
Heap after GC invocations=1 (full 0):
 PSYoungGen      total 36864K, used 5097K [0x00000000eaa80000, 0x00000000ed380000, 0x0000000100000000)
  eden space 31744K, 0% used [0x00000000eaa80000,0x00000000eaa80000,0x00000000ec980000)
  from space 5120K, 99% used [0x00000000ec980000,0x00000000ece7a590,0x00000000ece80000)
  to   space 5120K, 0% used [0x00000000ece80000,0x00000000ece80000,0x00000000ed380000)
 ParOldGen       total 83456K, used 3869K [0x00000000c0000000, 0x00000000c5180000, 0x00000000eaa80000)
  object space 83456K, 4% used [0x00000000c0000000,0x00000000c03c76e0,0x00000000c5180000)
 PSPermGen       total 21504K, used 5760K [0x00000000b5a00000, 0x00000000b6f00000, 0x00000000c0000000)
  object space 21504K, 26% used [0x00000000b5a00000,0x00000000b5fa0380,0x00000000b6f00000)
}
Event: 1.791 GC heap before
{Heap before GC invocations=2 (full 0):
 PSYoungGen      total 36864K, used 36841K [0x00000000eaa80000, 0x00000000ed380000, 0x0000000100000000)
  eden space 31744K, 100% used [0x00000000eaa80000,0x00000000ec980000,0x00000000ec980000)
  from space 5120K, 99% used [0x00000000ec980000,0x00000000ece7a590,0x00000000ece80000)
  to   space 5120K, 0% used [0x00000000ece80000,0x00000000ece80000,0x00000000ed380000)
 ParOldGen       total 83456K, used 3869K [0x00000000c0000000, 0x00000000c5180000, 0x00000000eaa80000)
  object space 83456K, 4% used [0x00000000c0000000,0x00000000c03c76e0,0x00000000c5180000)
 PSPermGen       total 21504K, used 6860K [0x00000000b5a00000, 0x00000000b6f00000, 0x00000000c0000000)
  object space 21504K, 31% used [0x00000000b5a00000,0x00000000b60b3070,0x00000000b6f00000)
Event: 1.811 GC heap after
Heap after GC invocations=2 (full 0):
 PSYoungGen      total 36864K, used 5113K [0x00000000eaa80000, 0x00000000ef280000, 0x0000000100000000)
  eden space 31744K, 0% used [0x00000000eaa80000,0x00000000eaa80000,0x00000000ec980000)
  from space 5120K, 99% used [0x00000000ece80000,0x00000000ed37e518,0x00000000ed380000)
  to   space 5120K, 0% used [0x00000000ec980000,0x00000000ec980000,0x00000000ece80000)
 ParOldGen       total 83456K, used 6772K [0x00000000c0000000, 0x00000000c5180000, 0x00000000eaa80000)
  object space 83456K, 8% used [0x00000000c0000000,0x00000000c069d000,0x00000000c5180000)
 PSPermGen       total 21504K, used 6860K [0x00000000b5a00000, 0x00000000b6f00000, 0x00000000c0000000)
  object space 21504K, 31% used [0x00000000b5a00000,0x00000000b60b3070,0x00000000b6f00000)
}
Event: 2.131 GC heap before
{Heap before GC invocations=3 (full 0):
 PSYoungGen      total 36864K, used 36291K [0x00000000eaa80000, 0x00000000ef280000, 0x0000000100000000)
  eden space 31744K, 98% used [0x00000000eaa80000,0x00000000ec8f2730,0x00000000ec980000)
  from space 5120K, 99% used [0x00000000ece80000,0x00000000ed37e518,0x00000000ed380000)
  to   space 5120K, 0% used [0x00000000ec980000,0x00000000ec980000,0x00000000ece80000)
 ParOldGen       total 83456K, used 6772K [0x00000000c0000000, 0x00000000c5180000, 0x00000000eaa80000)
  object space 83456K, 8% used [0x00000000c0000000,0x00000000c069d000,0x00000000c5180000)
 PSPermGen       total 21504K, used 6896K [0x00000000b5a00000, 0x00000000b6f00000, 0x00000000c0000000)
  object space 21504K, 32% used [0x00000000b5a00000,0x00000000b60bc178,0x00000000b6f00000)
Event: 2.137 GC heap after
Heap after GC invocations=3 (full 0):
 PSYoungGen      total 36864K, used 5119K [0x00000000eaa80000, 0x00000000ef280000, 0x0000000100000000)
  eden space 31744K, 0% used [0x00000000eaa80000,0x00000000eaa80000,0x00000000ec980000)
  from space 5120K, 99% used [0x00000000ec980000,0x00000000ece7fe58,0x00000000ece80000)
  to   space 5120K, 0% used [0x00000000eed80000,0x00000000eed80000,0x00000000ef280000)
 ParOldGen       total 83456K, used 12243K [0x00000000c0000000, 0x00000000c5180000, 0x00000000eaa80000)
  object space 83456K, 14% used [0x00000000c0000000,0x00000000c0bf4d40,0x00000000c5180000)
 PSPermGen       total 21504K, used 6896K [0x00000000b5a00000, 0x00000000b6f00000, 0x00000000c0000000)
  object space 21504K, 32% used [0x00000000b5a00000,0x00000000b60bc178,0x00000000b6f00000)
}
Event: 2.328 GC heap before
{Heap before GC invocations=4 (full 0):
 PSYoungGen      total 36864K, used 36863K [0x00000000eaa80000, 0x00000000ef280000, 0x0000000100000000)
  eden space 31744K, 100% used [0x00000000eaa80000,0x00000000ec980000,0x00000000ec980000)
  from space 5120K, 99% used [0x00000000ec980000,0x00000000ece7fe58,0x00000000ece80000)
  to   space 5120K, 0% used [0x00000000eed80000,0x00000000eed80000,0x00000000ef280000)
 ParOldGen       total 83456K, used 12243K [0x00000000c0000000, 0x00000000c5180000, 0x00000000eaa80000)
  object space 83456K, 14% used [0x00000000c0000000,0x00000000c0bf4d40,0x00000000c5180000)
 PSPermGen       total 21504K, used 6907K [0x00000000b5a00000, 0x00000000b6f00000, 0x00000000c0000000)
  object space 21504K, 32% used [0x00000000b5a00000,0x00000000b60bee18,0x00000000b6f00000)
Event: 2.353 GC heap after
Heap after GC invocations=4 (full 0):
 PSYoungGen      total 68608K, used 5118K [0x00000000eaa80000, 0x00000000ef280000, 0x0000000100000000)
  eden space 63488K, 0% used [0x00000000eaa80000,0x00000000eaa80000,0x00000000ee880000)
  from space 5120K, 99% used [0x00000000eed80000,0x00000000ef27fa18,0x00000000ef280000)
  to   space 5120K, 0% used [0x00000000ee880000,0x00000000ee880000,0x00000000eed80000)
 ParOldGen       total 83456K, used 20253K [0x00000000c0000000, 0x00000000c5180000, 0x00000000eaa80000)
  object space 83456K, 24% used [0x00000000c0000000,0x00000000c13c7790,0x00000000c5180000)
 PSPermGen       total 21504K, used 6907K [0x00000000b5a00000, 0x00000000b6f00000, 0x00000000c0000000)
  object space 21504K, 32% used [0x00000000b5a00000,0x00000000b60bee18,0x00000000b6f00000)
}
Event: 3.835 GC heap before
{Heap before GC invocations=5 (full 0):
 PSYoungGen      total 68608K, used 67778K [0x00000000eaa80000, 0x00000000ef280000, 0x0000000100000000)
  eden space 63488K, 98% used [0x00000000eaa80000,0x00000000ee7b0f98,0x00000000ee880000)
  from space 5120K, 99% used [0x00000000eed80000,0x00000000ef27fa18,0x00000000ef280000)
  to   space 5120K, 0% used [0x00000000ee880000,0x00000000ee880000,0x00000000eed80000)
 ParOldGen       total 83456K, used 20253K [0x00000000c0000000, 0x00000000c5180000, 0x00000000eaa80000)
  object space 83456K, 24% used [0x00000000c0000000,0x00000000c13c7790,0x00000000c5180000)
 PSPermGen       total 21504K, used 7005K [0x00000000b5a00000, 0x00000000b6f00000, 0x00000000c0000000)
  object space 21504K, 32% used [0x00000000b5a00000,0x00000000b60d7530,0x00000000b6f00000)

Deoptimization events (10 events):
Event: 1.351 Thread 0x00007fcfe000a000 Uncommon trap: reason=class_check action=maybe_recompile pc=0x00007fcfdd0b5ccc method=com.android.dex.Leb128.readUnsignedLeb128(Lcom/android/dex/util/ByteInput;)I @ 5
Event: 1.415 Thread 0x00007fcfe000a000 Uncommon trap: reason=predicate action=maybe_recompile pc=0x00007fcfdd0c32d0 method=com.android.dex.Leb128.readUnsignedLeb128(Lcom/android/dex/util/ByteInput;)I @ 41
Event: 1.997 Thread 0x00007fcfe000a000 Uncommon trap: reason=predicate action=maybe_recompile pc=0x00007fcfdd106d14 method=java.util.ComparableTimSort.binarySort([Ljava/lang/Object;III)V @ 37
Event: 2.234 Thread 0x00007fcfe000a000 Uncommon trap: reason=array_check action=maybe_recompile pc=0x00007fcfdd135720 method=java.util.ComparableTimSort.binarySort([Ljava/lang/Object;III)V @ 193
Event: 2.274 Thread 0x00007fcfe000a000 Uncommon trap: reason=predicate action=maybe_recompile pc=0x00007fcfdd0fbfd8 method=java.util.TimSort.binarySort([Ljava/lang/Object;IIILjava/util/Comparator;)V @ 37
Event: 2.377 Thread 0x00007fcfe000a000 Uncommon trap: reason=array_check action=maybe_recompile pc=0x00007fcfdd135720 method=java.util.ComparableTimSort.binarySort([Ljava/lang/Object;III)V @ 193
Event: 2.542 Thread 0x00007fcfe000a000 Uncommon trap: reason=array_check action=maybe_recompile pc=0x00007fcfdd14f8fc method=java.util.TimSort.binarySort([Ljava/lang/Object;IIILjava/util/Comparator;)V @ 193
Event: 2.542 Thread 0x00007fcfe000a000 Uncommon trap: reason=array_check action=maybe_recompile pc=0x00007fcfdd14f8fc method=java.util.TimSort.binarySort([Ljava/lang/Object;IIILjava/util/Comparator;)V @ 193
Event: 2.542 Thread 0x00007fcfe000a000 Uncommon trap: reason=array_check action=maybe_recompile pc=0x00007fcfdd14f9cc method=java.util.TimSort.binarySort([Ljava/lang/Object;IIILjava/util/Comparator;)V @ 183
Event: 2.542 Thread 0x00007fcfe000a000 Uncommon trap: reason=array_check action=maybe_recompile pc=0x00007fcfdd14f8fc method=java.util.TimSort.binarySort([Ljava/lang/Object;IIILjava/util/Comparator;)V @ 193

Internal exceptions (10 events):
Event: 1.238 Thread 0x00007fcfe000a000 Threw 0x00000000ead40ee8 at /build/buildd/openjdk-7-7u71-2.5.3/build/openjdk/hotspot/src/share/vm/prims/jvm.cpp:1284
Event: 1.240 Thread 0x00007fcfe000a000 Threw 0x00000000ead48838 at /build/buildd/openjdk-7-7u71-2.5.3/build/openjdk/hotspot/src/share/vm/prims/jvm.cpp:1284
Event: 1.241 Thread 0x00007fcfe000a000 Threw 0x00000000ead4b518 at /build/buildd/openjdk-7-7u71-2.5.3/build/openjdk/hotspot/src/share/vm/prims/jvm.cpp:1284
Event: 1.302 Thread 0x00007fcfe000a000 Threw 0x00000000eae21bc0 at /build/buildd/openjdk-7-7u71-2.5.3/build/openjdk/hotspot/src/share/vm/prims/jvm.cpp:1284
Event: 1.302 Thread 0x00007fcfe000a000 Threw 0x00000000eae21ce8 at /build/buildd/openjdk-7-7u71-2.5.3/build/openjdk/hotspot/src/share/vm/prims/jvm.cpp:1284
Event: 1.302 Thread 0x00007fcfe000a000 Threw 0x00000000eae24398 at /build/buildd/openjdk-7-7u71-2.5.3/build/openjdk/hotspot/src/share/vm/prims/jvm.cpp:1284
Event: 1.302 Thread 0x00007fcfe000a000 Threw 0x00000000eae244c0 at /build/buildd/openjdk-7-7u71-2.5.3/build/openjdk/hotspot/src/share/vm/prims/jvm.cpp:1284
Event: 1.302 Thread 0x00007fcfe000a000 Threw 0x00000000eae24ec0 at /build/buildd/openjdk-7-7u71-2.5.3/build/openjdk/hotspot/src/share/vm/prims/jvm.cpp:1284
Event: 1.302 Thread 0x00007fcfe000a000 Threw 0x00000000eae24fe8 at /build/buildd/openjdk-7-7u71-2.5.3/build/openjdk/hotspot/src/share/vm/prims/jvm.cpp:1284
Event: 1.733 Thread 0x00007fcfe000a000 Threw 0x00000000ec43e438 at /build/buildd/openjdk-7-7u71-2.5.3/build/openjdk/hotspot/src/share/vm/prims/jvm.cpp:1284

Events (10 events):
Event: 2.542 Thread 0x00007fcfe000a000 Uncommon trap: trap_request=0xffffffd6 fr.pc=0x00007fcfdd14f8fc
Event: 2.542 Thread 0x00007fcfe000a000 DEOPT PACKING pc=0x00007fcfdd14f8fc sp=0x00007fcfe97de3d0
Event: 2.542 Thread 0x00007fcfe000a000 DEOPT UNPACKING pc=0x00007fcfdd039445 sp=0x00007fcfe97de398 mode 2
Event: 2.542 Thread 0x00007fcfe000a000 Uncommon trap: trap_request=0xffffffd6 fr.pc=0x00007fcfdd14f9cc
Event: 2.542 Thread 0x00007fcfe000a000 DEOPT PACKING pc=0x00007fcfdd14f9cc sp=0x00007fcfe97de3d0
Event: 2.542 Thread 0x00007fcfe000a000 DEOPT UNPACKING pc=0x00007fcfdd039445 sp=0x00007fcfe97de398 mode 2
Event: 2.542 Thread 0x00007fcfe000a000 Uncommon trap: trap_request=0xffffffd6 fr.pc=0x00007fcfdd14f8fc
Event: 2.542 Thread 0x00007fcfe000a000 DEOPT PACKING pc=0x00007fcfdd14f8fc sp=0x00007fcfe97de3d0
Event: 2.542 Thread 0x00007fcfe000a000 DEOPT UNPACKING pc=0x00007fcfdd039445 sp=0x00007fcfe97de398 mode 2
Event: 3.684 Executing VM operation: ParallelGCFailedAllocation


Dynamic libraries:
00400000-00401000 r-xp 00000000 08:05 3284066                            /usr/lib/jvm/java-7-openjdk-amd64/jre/bin/java
00600000-00601000 r--p 00000000 08:05 3284066                            /usr/lib/jvm/java-7-openjdk-amd64/jre/bin/java
00601000-00602000 rw-p 00001000 08:05 3284066                            /usr/lib/jvm/java-7-openjdk-amd64/jre/bin/java
006da000-006fb000 rw-p 00000000 00:00 0                                  [heap]
b5a00000-b6f00000 rw-p 00000000 00:00 0 
b6f00000-c0000000 rw-p 00000000 00:00 0 
c0000000-c5180000 rw-p 00000000 00:00 0 
c5180000-eaa80000 rw-p 00000000 00:00 0 
eaa80000-ef280000 rw-p 00000000 00:00 0 
f4380000-100000000 rw-p 00000000 00:00 0 
7fcfa0000000-7fcfa0021000 rw-p 00000000 00:00 0 
7fcfa0021000-7fcfa4000000 ---p 00000000 00:00 0 
7fcfa8000000-7fcfa8825000 rw-p 00000000 00:00 0 
7fcfa8825000-7fcfac000000 ---p 00000000 00:00 0 
7fcfac000000-7fcfac021000 rw-p 00000000 00:00 0 
7fcfac021000-7fcfb0000000 ---p 00000000 00:00 0 
7fcfb0000000-7fcfb0021000 rw-p 00000000 00:00 0 
7fcfb0021000-7fcfb4000000 ---p 00000000 00:00 0 
7fcfb4000000-7fcfb483d000 rw-p 00000000 00:00 0 
7fcfb483d000-7fcfb8000000 ---p 00000000 00:00 0 
7fcfb8000000-7fcfb8021000 rw-p 00000000 00:00 0 
7fcfb8021000-7fcfbc000000 ---p 00000000 00:00 0 
7fcfbc000000-7fcfbc021000 rw-p 00000000 00:00 0 
7fcfbc021000-7fcfc0000000 ---p 00000000 00:00 0 
7fcfc0000000-7fcfc0021000 rw-p 00000000 00:00 0 
7fcfc0021000-7fcfc4000000 ---p 00000000 00:00 0 
7fcfc4000000-7fcfc40e0000 rw-p 00000000 00:00 0 
7fcfc40e0000-7fcfc8000000 ---p 00000000 00:00 0 
7fcfc8000000-7fcfc8021000 rw-p 00000000 00:00 0 
7fcfc8021000-7fcfcc000000 ---p 00000000 00:00 0 
7fcfd0000000-7fcfd0021000 rw-p 00000000 00:00 0 
7fcfd0021000-7fcfd4000000 ---p 00000000 00:00 0 
7fcfd486c000-7fcfd49cd000 rw-p 00000000 00:00 0 
7fcfd49cd000-7fcfd4a0a000 r-xp 00000000 08:05 2101374                    /lib/x86_64-linux-gnu/libpcre.so.3.13.1
7fcfd4a0a000-7fcfd4c09000 ---p 0003d000 08:05 2101374                    /lib/x86_64-linux-gnu/libpcre.so.3.13.1
7fcfd4c09000-7fcfd4c0a000 r--p 0003c000 08:05 2101374                    /lib/x86_64-linux-gnu/libpcre.so.3.13.1
7fcfd4c0a000-7fcfd4c0b000 rw-p 0003d000 08:05 2101374                    /lib/x86_64-linux-gnu/libpcre.so.3.13.1
7fcfd4c0b000-7fcfd4c12000 r-xp 00000000 08:05 3286430                    /usr/lib/x86_64-linux-gnu/libffi.so.6.0.1
7fcfd4c12000-7fcfd4e11000 ---p 00007000 08:05 3286430                    /usr/lib/x86_64-linux-gnu/libffi.so.6.0.1
7fcfd4e11000-7fcfd4e12000 r--p 00006000 08:05 3286430                    /usr/lib/x86_64-linux-gnu/libffi.so.6.0.1
7fcfd4e12000-7fcfd4e13000 rw-p 00007000 08:05 3286430                    /usr/lib/x86_64-linux-gnu/libffi.so.6.0.1
7fcfd4e13000-7fcfd4e2a000 r-xp 00000000 08:05 2105954                    /lib/x86_64-linux-gnu/libresolv-2.19.so
7fcfd4e2a000-7fcfd502a000 ---p 00017000 08:05 2105954                    /lib/x86_64-linux-gnu/libresolv-2.19.so
7fcfd502a000-7fcfd502b000 r--p 00017000 08:05 2105954                    /lib/x86_64-linux-gnu/libresolv-2.19.so
7fcfd502b000-7fcfd502c000 rw-p 00018000 08:05 2105954                    /lib/x86_64-linux-gnu/libresolv-2.19.so
7fcfd502c000-7fcfd502e000 rw-p 00000000 00:00 0 
7fcfd502e000-7fcfd504e000 r-xp 00000000 08:05 2101401                    /lib/x86_64-linux-gnu/libselinux.so.1
7fcfd504e000-7fcfd524d000 ---p 00020000 08:05 2101401                    /lib/x86_64-linux-gnu/libselinux.so.1
7fcfd524d000-7fcfd524e000 r--p 0001f000 08:05 2101401                    /lib/x86_64-linux-gnu/libselinux.so.1
7fcfd524e000-7fcfd524f000 rw-p 00020000 08:05 2101401                    /lib/x86_64-linux-gnu/libselinux.so.1
7fcfd524f000-7fcfd5251000 rw-p 00000000 00:00 0 
7fcfd5251000-7fcfd5254000 r-xp 00000000 08:05 3277164                    /usr/lib/x86_64-linux-gnu/libgmodule-2.0.so.0.4002.0
7fcfd5254000-7fcfd5453000 ---p 00003000 08:05 3277164                    /usr/lib/x86_64-linux-gnu/libgmodule-2.0.so.0.4002.0
7fcfd5453000-7fcfd5454000 r--p 00002000 08:05 3277164                    /usr/lib/x86_64-linux-gnu/libgmodule-2.0.so.0.4002.0
7fcfd5454000-7fcfd5455000 rw-p 00003000 08:05 3277164                    /usr/lib/x86_64-linux-gnu/libgmodule-2.0.so.0.4002.0
7fcfd5455000-7fcfd555b000 r-xp 00000000 08:05 2101225                    /lib/x86_64-linux-gnu/libglib-2.0.so.0.4002.0
7fcfd555b000-7fcfd575a000 ---p 00106000 08:05 2101225                    /lib/x86_64-linux-gnu/libglib-2.0.so.0.4002.0
7fcfd575a000-7fcfd575b000 r--p 00105000 08:05 2101225                    /lib/x86_64-linux-gnu/libglib-2.0.so.0.4002.0
7fcfd575b000-7fcfd575c000 rw-p 00106000 08:05 2101225                    /lib/x86_64-linux-gnu/libglib-2.0.so.0.4002.0
7fcfd575c000-7fcfd575d000 rw-p 00000000 00:00 0 
7fcfd575d000-7fcfd58c9000 r-xp 00000000 08:05 3277186                    /usr/lib/x86_64-linux-gnu/libgio-2.0.so.0.4002.0
7fcfd58c9000-7fcfd5ac8000 ---p 0016c000 08:05 3277186                    /usr/lib/x86_64-linux-gnu/libgio-2.0.so.0.4002.0
7fcfd5ac8000-7fcfd5acc000 r--p 0016b000 08:05 3277186                    /usr/lib/x86_64-linux-gnu/libgio-2.0.so.0.4002.0
7fcfd5acc000-7fcfd5ace000 rw-p 0016f000 08:05 3277186                    /usr/lib/x86_64-linux-gnu/libgio-2.0.so.0.4002.0
7fcfd5ace000-7fcfd8000000 rw-p 00000000 00:00 0 
7fcfd8000000-7fcfd8021000 rw-p 00000000 00:00 0 
7fcfd8021000-7fcfdc000000 ---p 00000000 00:00 0 
7fcfdc0a1000-7fcfdc0f0000 r-xp 00000000 08:05 3277182                    /usr/lib/x86_64-linux-gnu/libgobject-2.0.so.0.4002.0
7fcfdc0f0000-7fcfdc2f0000 ---p 0004f000 08:05 3277182                    /usr/lib/x86_64-linux-gnu/libgobject-2.0.so.0.4002.0
7fcfdc2f0000-7fcfdc2f1000 r--p 0004f000 08:05 3277182                    /usr/lib/x86_64-linux-gnu/libgobject-2.0.so.0.4002.0
7fcfdc2f1000-7fcfdc2f2000 rw-p 00050000 08:05 3277182                    /usr/lib/x86_64-linux-gnu/libgobject-2.0.so.0.4002.0
7fcfdc2f2000-7fcfdc309000 r-xp 00000000 08:05 3283972                    /usr/lib/jvm/java-7-openjdk-amd64/jre/lib/amd64/libnet.so
7fcfdc309000-7fcfdc508000 ---p 00017000 08:05 3283972                    /usr/lib/jvm/java-7-openjdk-amd64/jre/lib/amd64/libnet.so
7fcfdc508000-7fcfdc509000 r--p 00016000 08:05 3283972                    /usr/lib/jvm/java-7-openjdk-amd64/jre/lib/amd64/libnet.so
7fcfdc509000-7fcfdc50a000 rw-p 00017000 08:05 3283972                    /usr/lib/jvm/java-7-openjdk-amd64/jre/lib/amd64/libnet.so
7fcfdc50a000-7fcfdc51a000 r-xp 00000000 08:05 3283987                    /usr/lib/jvm/java-7-openjdk-amd64/jre/lib/amd64/libnio.so
7fcfdc51a000-7fcfdc71a000 ---p 00010000 08:05 3283987                    /usr/lib/jvm/java-7-openjdk-amd64/jre/lib/amd64/libnio.so
7fcfdc71a000-7fcfdc71b000 r--p 00010000 08:05 3283987                    /usr/lib/jvm/java-7-openjdk-amd64/jre/lib/amd64/libnio.so
7fcfdc71b000-7fcfdc71c000 rw-p 00011000 08:05 3283987                    /usr/lib/jvm/java-7-openjdk-amd64/jre/lib/amd64/libnio.so
7fcfdc71c000-7fcfdc71d000 ---p 00000000 00:00 0 
7fcfdc71d000-7fcfdc81d000 rw-p 00000000 00:00 0                          [stack:13082]
7fcfdc81d000-7fcfdc820000 ---p 00000000 00:00 0 
7fcfdc820000-7fcfdc91e000 rw-p 00000000 00:00 0                          [stack:13081]
7fcfdc91e000-7fcfdd000000 r--p 00000000 08:05 3284844                    /usr/lib/locale/locale-archive
7fcfdd000000-7fcfdd270000 rwxp 00000000 00:00 0 
7fcfdd270000-7fcfe0369000 rw-p 00000000 00:00 0 
7fcfe0369000-7fcfe4000000 ---p 00000000 00:00 0 
7fcfe40df000-7fcfe40e0000 rw-p 00000000 00:00 0 
7fcfe40e0000-7fcfe40e5000 r--s 0004c000 08:05 3284012                    /usr/lib/jvm/java-7-openjdk-amd64/jre/lib/jsse.jar
7fcfe40e5000-7fcfe40f4000 r--s 000dd000 08:05 1840499                    /home/sari/Development/IDE/Android/sdk/build-tools/21.1.2/lib/dx.jar
7fcfe40f4000-7fcfe40f7000 ---p 00000000 00:00 0 
7fcfe40f7000-7fcfe41f5000 rw-p 00000000 00:00 0                          [stack:13080]
7fcfe41f5000-7fcfe41f8000 ---p 00000000 00:00 0 
7fcfe41f8000-7fcfe42f6000 rw-p 00000000 00:00 0                          [stack:13079]
7fcfe42f6000-7fcfe42f9000 ---p 00000000 00:00 0 
7fcfe42f9000-7fcfe43f7000 rw-p 00000000 00:00 0                          [stack:13078]
7fcfe43f7000-7fcfe43fa000 ---p 00000000 00:00 0 
7fcfe43fa000-7fcfe44f8000 rw-p 00000000 00:00 0                          [stack:13077]
7fcfe44f8000-7fcfe44fb000 ---p 00000000 00:00 0 
7fcfe44fb000-7fcfe45f9000 rw-p 00000000 00:00 0                          [stack:13076]
7fcfe45f9000-7fcfe45fa000 ---p 00000000 00:00 0 
7fcfe45fa000-7fcfe5652000 rw-p 00000000 00:00 0                          [stack:13075]
7fcfe5652000-7fcfe5803000 r--s 01d25000 08:05 3284035                    /usr/lib/jvm/java-7-openjdk-amd64/jre/lib/rt.jar
7fcfe5803000-7fcfe5b27000 rw-p 00000000 00:00 0 
7fcfe5b27000-7fcfe5b28000 ---p 00000000 00:00 0 
7fcfe5b28000-7fcfe5c28000 rw-p 00000000 00:00 0                          [stack:13074]
7fcfe5c28000-7fcfe5c29000 ---p 00000000 00:00 0 
7fcfe5c29000-7fcfe5d29000 rw-p 00000000 00:00 0                          [stack:13073]
7fcfe5d29000-7fcfe5d2a000 ---p 00000000 00:00 0 
7fcfe5d2a000-7fcfe5e2a000 rw-p 00000000 00:00 0                          [stack:13072]
7fcfe5e2a000-7fcfe5e2b000 ---p 00000000 00:00 0 
7fcfe5e2b000-7fcfe5f36000 rw-p 00000000 00:00 0                          [stack:13071]
7fcfe5f36000-7fcfe5f7e000 rw-p 00000000 00:00 0 
7fcfe5f7e000-7fcfe5fa7000 rw-p 00000000 00:00 0 
7fcfe5fa7000-7fcfe60d4000 rw-p 00000000 00:00 0 
7fcfe60d4000-7fcfe60df000 rw-p 00000000 00:00 0 
7fcfe60df000-7fcfe6127000 rw-p 00000000 00:00 0 
7fcfe6127000-7fcfe6150000 rw-p 00000000 00:00 0 
7fcfe6150000-7fcfe627c000 rw-p 00000000 00:00 0 
7fcfe627c000-7fcfe62a1000 rw-p 00000000 00:00 0 
7fcfe62a1000-7fcfe6327000 rw-p 00000000 00:00 0 
7fcfe6327000-7fcfe6328000 rw-p 00000000 00:00 0 
7fcfe6328000-7fcfe6330000 r-xp 00000000 08:05 3283964                    /usr/lib/jvm/java-7-openjdk-amd64/jre/lib/amd64/libzip.so
7fcfe6330000-7fcfe652f000 ---p 00008000 08:05 3283964                    /usr/lib/jvm/java-7-openjdk-amd64/jre/lib/amd64/libzip.so
7fcfe652f000-7fcfe6530000 r--p 00007000 08:05 3283964                    /usr/lib/jvm/java-7-openjdk-amd64/jre/lib/amd64/libzip.so
7fcfe6530000-7fcfe6531000 rw-p 00008000 08:05 3283964                    /usr/lib/jvm/java-7-openjdk-amd64/jre/lib/amd64/libzip.so
7fcfe6531000-7fcfe653c000 r-xp 00000000 08:05 2105959                    /lib/x86_64-linux-gnu/libnss_files-2.19.so
7fcfe653c000-7fcfe673b000 ---p 0000b000 08:05 2105959                    /lib/x86_64-linux-gnu/libnss_files-2.19.so
7fcfe673b000-7fcfe673c000 r--p 0000a000 08:05 2105959                    /lib/x86_64-linux-gnu/libnss_files-2.19.so
7fcfe673c000-7fcfe673d000 rw-p 0000b000 08:05 2105959                    /lib/x86_64-linux-gnu/libnss_files-2.19.so
7fcfe673d000-7fcfe6748000 r-xp 00000000 08:05 2105956                    /lib/x86_64-linux-gnu/libnss_nis-2.19.so
7fcfe6748000-7fcfe6947000 ---p 0000b000 08:05 2105956                    /lib/x86_64-linux-gnu/libnss_nis-2.19.so
7fcfe6947000-7fcfe6948000 r--p 0000a000 08:05 2105956                    /lib/x86_64-linux-gnu/libnss_nis-2.19.so
7fcfe6948000-7fcfe6949000 rw-p 0000b000 08:05 2105956                    /lib/x86_64-linux-gnu/libnss_nis-2.19.so
7fcfe6949000-7fcfe6960000 r-xp 00000000 08:05 2105950                    /lib/x86_64-linux-gnu/libnsl-2.19.so
7fcfe6960000-7fcfe6b5f000 ---p 00017000 08:05 2105950                    /lib/x86_64-linux-gnu/libnsl-2.19.so
7fcfe6b5f000-7fcfe6b60000 r--p 00016000 08:05 2105950                    /lib/x86_64-linux-gnu/libnsl-2.19.so
7fcfe6b60000-7fcfe6b61000 rw-p 00017000 08:05 2105950                    /lib/x86_64-linux-gnu/libnsl-2.19.so
7fcfe6b61000-7fcfe6b63000 rw-p 00000000 00:00 0 
7fcfe6b63000-7fcfe6b6c000 r-xp 00000000 08:05 2105912                    /lib/x86_64-linux-gnu/libnss_compat-2.19.so
7fcfe6b6c000-7fcfe6d6b000 ---p 00009000 08:05 2105912                    /lib/x86_64-linux-gnu/libnss_compat-2.19.so
7fcfe6d6b000-7fcfe6d6c000 r--p 00008000 08:05 2105912                    /lib/x86_64-linux-gnu/libnss_compat-2.19.so
7fcfe6d6c000-7fcfe6d6d000 rw-p 00009000 08:05 2105912                    /lib/x86_64-linux-gnu/libnss_compat-2.19.so
7fcfe6d6d000-7fcfe6d98000 r-xp 00000000 08:05 3283971                    /usr/lib/jvm/java-7-openjdk-amd64/jre/lib/amd64/libjava.so
7fcfe6d98000-7fcfe6f97000 ---p 0002b000 08:05 3283971                    /usr/lib/jvm/java-7-openjdk-amd64/jre/lib/amd64/libjava.so
7fcfe6f97000-7fcfe6f98000 r--p 0002a000 08:05 3283971                    /usr/lib/jvm/java-7-openjdk-amd64/jre/lib/amd64/libjava.so
7fcfe6f98000-7fcfe6f9a000 rw-p 0002b000 08:05 3283971                    /usr/lib/jvm/java-7-openjdk-amd64/jre/lib/amd64/libjava.so
7fcfe6f9a000-7fcfe6faa000 r-xp 00000000 08:05 3283986                    /usr/lib/jvm/java-7-openjdk-amd64/jre/lib/amd64/libverify.so
7fcfe6faa000-7fcfe71a9000 ---p 00010000 08:05 3283986                    /usr/lib/jvm/java-7-openjdk-amd64/jre/lib/amd64/libverify.so
7fcfe71a9000-7fcfe71ab000 r--p 0000f000 08:05 3283986                    /usr/lib/jvm/java-7-openjdk-amd64/jre/lib/amd64/libverify.so
7fcfe71ab000-7fcfe71ac000 rw-p 00011000 08:05 3283986                    /usr/lib/jvm/java-7-openjdk-amd64/jre/lib/amd64/libverify.so
7fcfe71ac000-7fcfe71b3000 r-xp 00000000 08:05 2105907                    /lib/x86_64-linux-gnu/librt-2.19.so
7fcfe71b3000-7fcfe73b2000 ---p 00007000 08:05 2105907                    /lib/x86_64-linux-gnu/librt-2.19.so
7fcfe73b2000-7fcfe73b3000 r--p 00006000 08:05 2105907                    /lib/x86_64-linux-gnu/librt-2.19.so
7fcfe73b3000-7fcfe73b4000 rw-p 00007000 08:05 2105907                    /lib/x86_64-linux-gnu/librt-2.19.so
7fcfe73b4000-7fcfe73ca000 r-xp 00000000 08:05 2105901                    /lib/x86_64-linux-gnu/libgcc_s.so.1
7fcfe73ca000-7fcfe75c9000 ---p 00016000 08:05 2105901                    /lib/x86_64-linux-gnu/libgcc_s.so.1
7fcfe75c9000-7fcfe75ca000 rw-p 00015000 08:05 2105901                    /lib/x86_64-linux-gnu/libgcc_s.so.1
7fcfe75ca000-7fcfe76cf000 r-xp 00000000 08:05 2105949                    /lib/x86_64-linux-gnu/libm-2.19.so
7fcfe76cf000-7fcfe78ce000 ---p 00105000 08:05 2105949                    /lib/x86_64-linux-gnu/libm-2.19.so
7fcfe78ce000-7fcfe78cf000 r--p 00104000 08:05 2105949                    /lib/x86_64-linux-gnu/libm-2.19.so
7fcfe78cf000-7fcfe78d0000 rw-p 00105000 08:05 2105949                    /lib/x86_64-linux-gnu/libm-2.19.so
7fcfe78d0000-7fcfe79b6000 r-xp 00000000 08:05 3287058                    /usr/lib/x86_64-linux-gnu/libstdc++.so.6.0.19
7fcfe79b6000-7fcfe7bb5000 ---p 000e6000 08:05 3287058                    /usr/lib/x86_64-linux-gnu/libstdc++.so.6.0.19
7fcfe7bb5000-7fcfe7bbd000 r--p 000e5000 08:05 3287058                    /usr/lib/x86_64-linux-gnu/libstdc++.so.6.0.19
7fcfe7bbd000-7fcfe7bbf000 rw-p 000ed000 08:05 3287058                    /usr/lib/x86_64-linux-gnu/libstdc++.so.6.0.19
7fcfe7bbf000-7fcfe7bd4000 rw-p 00000000 00:00 0 
7fcfe7bd4000-7fcfe86ea000 r-xp 00000000 08:05 3283993                    /usr/lib/jvm/java-7-openjdk-amd64/jre/lib/amd64/server/libjvm.so
7fcfe86ea000-7fcfe88e9000 ---p 00b16000 08:05 3283993                    /usr/lib/jvm/java-7-openjdk-amd64/jre/lib/amd64/server/libjvm.so
7fcfe88e9000-7fcfe8983000 r--p 00b15000 08:05 3283993                    /usr/lib/jvm/java-7-openjdk-amd64/jre/lib/amd64/server/libjvm.so
7fcfe8983000-7fcfe89a6000 rw-p 00baf000 08:05 3283993                    /usr/lib/jvm/java-7-openjdk-amd64/jre/lib/amd64/server/libjvm.so
7fcfe89a6000-7fcfe89d4000 rw-p 00000000 00:00 0 
7fcfe89d4000-7fcfe89ec000 r-xp 00000000 08:05 2101434                    /lib/x86_64-linux-gnu/libz.so.1.2.8
7fcfe89ec000-7fcfe8beb000 ---p 00018000 08:05 2101434                    /lib/x86_64-linux-gnu/libz.so.1.2.8
7fcfe8beb000-7fcfe8bec000 r--p 00017000 08:05 2101434                    /lib/x86_64-linux-gnu/libz.so.1.2.8
7fcfe8bec000-7fcfe8bed000 rw-p 00018000 08:05 2101434                    /lib/x86_64-linux-gnu/libz.so.1.2.8
7fcfe8bed000-7fcfe8c06000 r-xp 00000000 08:05 2105958                    /lib/x86_64-linux-gnu/libpthread-2.19.so
7fcfe8c06000-7fcfe8e05000 ---p 00019000 08:05 2105958                    /lib/x86_64-linux-gnu/libpthread-2.19.so
7fcfe8e05000-7fcfe8e06000 r--p 00018000 08:05 2105958                    /lib/x86_64-linux-gnu/libpthread-2.19.so
7fcfe8e06000-7fcfe8e07000 rw-p 00019000 08:05 2105958                    /lib/x86_64-linux-gnu/libpthread-2.19.so
7fcfe8e07000-7fcfe8e0b000 rw-p 00000000 00:00 0 
7fcfe8e0b000-7fcfe8e0e000 r-xp 00000000 08:05 2105910                    /lib/x86_64-linux-gnu/libdl-2.19.so
7fcfe8e0e000-7fcfe900d000 ---p 00003000 08:05 2105910                    /lib/x86_64-linux-gnu/libdl-2.19.so
7fcfe900d000-7fcfe900e000 r--p 00002000 08:05 2105910                    /lib/x86_64-linux-gnu/libdl-2.19.so
7fcfe900e000-7fcfe900f000 rw-p 00003000 08:05 2105910                    /lib/x86_64-linux-gnu/libdl-2.19.so
7fcfe900f000-7fcfe91ca000 r-xp 00000000 08:05 2105906                    /lib/x86_64-linux-gnu/libc-2.19.so
7fcfe91ca000-7fcfe93ca000 ---p 001bb000 08:05 2105906                    /lib/x86_64-linux-gnu/libc-2.19.so
7fcfe93ca000-7fcfe93ce000 r--p 001bb000 08:05 2105906                    /lib/x86_64-linux-gnu/libc-2.19.so
7fcfe93ce000-7fcfe93d0000 rw-p 001bf000 08:05 2105906                    /lib/x86_64-linux-gnu/libc-2.19.so
7fcfe93d0000-7fcfe93d5000 rw-p 00000000 00:00 0 
7fcfe93d5000-7fcfe93e2000 r-xp 00000000 08:05 3283969                    /usr/lib/jvm/java-7-openjdk-amd64/jre/lib/amd64/jli/libjli.so
7fcfe93e2000-7fcfe95e1000 ---p 0000d000 08:05 3283969                    /usr/lib/jvm/java-7-openjdk-amd64/jre/lib/amd64/jli/libjli.so
7fcfe95e1000-7fcfe95e2000 r--p 0000c000 08:05 3283969                    /usr/lib/jvm/java-7-openjdk-amd64/jre/lib/amd64/jli/libjli.so
7fcfe95e2000-7fcfe95e3000 rw-p 0000d000 08:05 3283969                    /usr/lib/jvm/java-7-openjdk-amd64/jre/lib/amd64/jli/libjli.so
7fcfe95e3000-7fcfe9606000 r-xp 00000000 08:05 2105904                    /lib/x86_64-linux-gnu/ld-2.19.so
7fcfe9606000-7fcfe9607000 r--p 00000000 08:05 276560                     /usr/share/locale-langpack/en_GB/LC_MESSAGES/libc.mo
7fcfe9607000-7fcfe9629000 rw-p 00000000 00:00 0 
7fcfe9629000-7fcfe96df000 rw-p 00000000 00:00 0 
7fcfe96df000-7fcfe96e2000 ---p 00000000 00:00 0 
7fcfe96e2000-7fcfe97e5000 rw-p 00000000 00:00 0                          [stack:13070]
7fcfe97e5000-7fcfe97e9000 r--s 00085000 08:05 3284032                    /usr/lib/jvm/java-7-openjdk-amd64/jre/lib/ext/localedata.jar
7fcfe97e9000-7fcfe97ed000 r--s 00034000 08:05 3284033                    /usr/lib/jvm/java-7-openjdk-amd64/jre/lib/ext/sunjce_provider.jar
7fcfe97ed000-7fcfe97f1000 r--s 0003c000 08:05 3284031                    /usr/lib/jvm/java-7-openjdk-amd64/jre/lib/ext/sunpkcs11.jar
7fcfe97f1000-7fcfe97f3000 r--s 00012000 08:05 3284030                    /usr/lib/jvm/java-7-openjdk-amd64/jre/lib/ext/zipfs.jar
7fcfe97f3000-7fcfe97f6000 r--s 0000f000 08:05 3284029                    /usr/lib/jvm/java-7-openjdk-amd64/jre/lib/ext/icedtea-sound.jar
7fcfe97f6000-7fcfe97f7000 r--s 00002000 08:05 3284034                    /usr/lib/jvm/java-7-openjdk-amd64/jre/lib/ext/dnsns.jar
7fcfe97f7000-7fcfe97f9000 r--s 00006000 08:05 8366                       /usr/share/java/java-atk-wrapper.jar
7fcfe97f9000-7fcfe9801000 rw-s 00000000 08:05 1315630                    /tmp/hsperfdata_sari/13060
7fcfe9801000-7fcfe9802000 rw-p 00000000 00:00 0 
7fcfe9802000-7fcfe9803000 ---p 00000000 00:00 0 
7fcfe9803000-7fcfe9805000 rw-p 00000000 00:00 0 
7fcfe9805000-7fcfe9806000 r--p 00022000 08:05 2105904                    /lib/x86_64-linux-gnu/ld-2.19.so
7fcfe9806000-7fcfe9807000 rw-p 00023000 08:05 2105904                    /lib/x86_64-linux-gnu/ld-2.19.so
7fcfe9807000-7fcfe9808000 rw-p 00000000 00:00 0 
7fff3fbaf000-7fff3fbd0000 rw-p 00000000 00:00 0                          [stack]
7fff3fbfe000-7fff3fc00000 r-xp 00000000 00:00 0                          [vdso]
ffffffffff600000-ffffffffff601000 r-xp 00000000 00:00 0                  [vsyscall]

VM Arguments:
jvm_args: -Xmx1024M 
java_command: /home/sari/Development/IDE/Android/sdk/build-tools/21.1.2/lib/dx.jar --dex --no-optimize --output /home/sari/Development/Jobs/RandWalk/app/build/intermediates/dex/debug --input-list=/home/sari/Development/Jobs/RandWalk/app/build/intermediates/tmp/dex/debug/inputList.txt
Launcher Type: SUN_STANDARD

Environment Variables:
CLASSPATH=/home/sari/Development/IDE/android-studio/bin/../lib/bootstrap.jar:/home/sari/Development/IDE/android-studio/bin/../lib/extensions.jar:/home/sari/Development/IDE/android-studio/bin/../lib/util.jar:/home/sari/Development/IDE/android-studio/bin/../lib/jdom.jar:/home/sari/Development/IDE/android-studio/bin/../lib/log4j.jar:/home/sari/Development/IDE/android-studio/bin/../lib/trove4j.jar:/home/sari/Development/IDE/android-studio/bin/../lib/jna.jar:/usr/lib/jvm/java-7-openjdk-amd64/lib/tools.jar
PATH=/usr/local/sbin:/usr/local/bin:/usr/sbin:/usr/bin:/sbin:/bin:/usr/games:/usr/local/games
LD_LIBRARY_PATH=/home/sari/Development/IDE/android-studio/bin:
SHELL=/bin/bash
DISPLAY=:0

Signal Handlers:
SIGSEGV: [libjvm.so+0x9495e0], sa_mask[0]=0x7ffbfeff, sa_flags=0x10000004
SIGBUS: [libjvm.so+0x9495e0], sa_mask[0]=0x7ffbfeff, sa_flags=0x10000004
SIGFPE: [libjvm.so+0x7c3410], sa_mask[0]=0x7ffbfeff, sa_flags=0x10000004
SIGPIPE: [libjvm.so+0x7c3410], sa_mask[0]=0x7ffbfeff, sa_flags=0x10000004
SIGXFSZ: [libjvm.so+0x7c3410], sa_mask[0]=0x7ffbfeff, sa_flags=0x10000004
SIGILL: [libjvm.so+0x7c3410], sa_mask[0]=0x7ffbfeff, sa_flags=0x10000004
SIGUSR1: SIG_DFL, sa_mask[0]=0x00000000, sa_flags=0x00000000
SIGUSR2: [libjvm.so+0x7c32b0], sa_mask[0]=0x00000004, sa_flags=0x10000004
SIGHUP: [libjvm.so+0x7c3490], sa_mask[0]=0x7ffbfeff, sa_flags=0x10000004
SIGINT: [libjvm.so+0x7c3490], sa_mask[0]=0x7ffbfeff, sa_flags=0x10000004
SIGTERM: [libjvm.so+0x7c3490], sa_mask[0]=0x7ffbfeff, sa_flags=0x10000004
SIGQUIT: [libjvm.so+0x7c3490], sa_mask[0]=0x7ffbfeff, sa_flags=0x10000004
SIGTRAP: SIG_DFL, sa_mask[0]=0x00000000, sa_flags=0x00000000


---------------  S Y S T E M  ---------------

OS:Ubuntu 14.04 (trusty)
uname:Linux 3.13.0-44-generic #73-Ubuntu SMP Tue Dec 16 00:22:43 UTC 2014 x86_64
libc:glibc 2.19 NPTL 2.19 
rlimit: STACK 8192k, CORE 0k, NPROC 62663, NOFILE 4096, AS infinity
load average:2.36 1.54 1.76

/proc/meminfo:
MemTotal:        8042464 kB
MemFree:          154676 kB
Buffers:            1524 kB
Cached:          3056244 kB
SwapCached:            0 kB
Active:          4742912 kB
Inactive:        2921932 kB
Active(anon):    4742368 kB
Inactive(anon):  2897072 kB
Active(file):        544 kB
Inactive(file):    24860 kB
Unevictable:          96 kB
Mlocked:              96 kB
SwapTotal:             0 kB
SwapFree:              0 kB
Dirty:               152 kB
Writeback:            40 kB
AnonPages:       4607332 kB
Mapped:           943048 kB
Shmem:           3032204 kB
Slab:              82644 kB
SReclaimable:      41160 kB
SUnreclaim:        41484 kB
KernelStack:        5520 kB
PageTables:        50888 kB
NFS_Unstable:          0 kB
Bounce:                0 kB
WritebackTmp:          0 kB
CommitLimit:     4021232 kB
Committed_AS:   14425224 kB
VmallocTotal:   34359738367 kB
VmallocUsed:      413656 kB
VmallocChunk:   34359294436 kB
HardwareCorrupted:     0 kB
AnonHugePages:   2785280 kB
HugePages_Total:       0
HugePages_Free:        0
HugePages_Rsvd:        0
HugePages_Surp:        0
Hugepagesize:       2048 kB
DirectMap4k:      128248 kB
DirectMap2M:     8126464 kB


CPU:total 4 (2 cores per cpu, 2 threads per core) family 6 model 58 stepping 9, cmov, cx8, fxsr, mmx, sse, sse2, sse3, ssse3, sse4.1, sse4.2, popcnt, avx, aes, erms, ht, tsc, tscinvbit, tscinv

/proc/cpuinfo:
processor	: 0
vendor_id	: GenuineIntel
cpu family	: 6
model		: 58
model name	: Intel(R) Core(TM) i5-3210M CPU @ 2.50GHz
stepping	: 9
microcode	: 0x15
cpu MHz		: 2500.000
cache size	: 3072 KB
physical id	: 0
siblings	: 4
core id		: 0
cpu cores	: 2
apicid		: 0
initial apicid	: 0
fpu		: yes
fpu_exception	: yes
cpuid level	: 13
wp		: yes
flags		: fpu vme de pse tsc msr pae mce cx8 apic sep mtrr pge mca cmov pat pse36 clflush dts acpi mmx fxsr sse sse2 ss ht tm pbe syscall nx rdtscp lm constant_tsc arch_perfmon pebs bts rep_good nopl xtopology nonstop_tsc aperfmperf eagerfpu pni pclmulqdq dtes64 monitor ds_cpl vmx est tm2 ssse3 cx16 xtpr pdcm pcid sse4_1 sse4_2 x2apic popcnt tsc_deadline_timer aes xsave avx f16c rdrand lahf_lm ida arat epb xsaveopt pln pts dtherm tpr_shadow vnmi flexpriority ept vpid fsgsbase smep erms
bogomips	: 4988.41
clflush size	: 64
cache_alignment	: 64
address sizes	: 36 bits physical, 48 bits virtual
power management:

processor	: 1
vendor_id	: GenuineIntel
cpu family	: 6
model		: 58
model name	: Intel(R) Core(TM) i5-3210M CPU @ 2.50GHz
stepping	: 9
microcode	: 0x15
cpu MHz		: 2300.000
cache size	: 3072 KB
physical id	: 0
siblings	: 4
core id		: 0
cpu cores	: 2
apicid		: 1
initial apicid	: 1
fpu		: yes
fpu_exception	: yes
cpuid level	: 13
wp		: yes
flags		: fpu vme de pse tsc msr pae mce cx8 apic sep mtrr pge mca cmov pat pse36 clflush dts acpi mmx fxsr sse sse2 ss ht tm pbe syscall nx rdtscp lm constant_tsc arch_perfmon pebs bts rep_good nopl xtopology nonstop_tsc aperfmperf eagerfpu pni pclmulqdq dtes64 monitor ds_cpl vmx est tm2 ssse3 cx16 xtpr pdcm pcid sse4_1 sse4_2 x2apic popcnt tsc_deadline_timer aes xsave avx f16c rdrand lahf_lm ida arat epb xsaveopt pln pts dtherm tpr_shadow vnmi flexpriority ept vpid fsgsbase smep erms
bogomips	: 4988.41
clflush size	: 64
cache_alignment	: 64
address sizes	: 36 bits physical, 48 bits virtual
power management:

processor	: 2
vendor_id	: GenuineIntel
cpu family	: 6
model		: 58
model name	: Intel(R) Core(TM) i5-3210M CPU @ 2.50GHz
stepping	: 9
microcode	: 0x15
cpu MHz		: 2500.000
cache size	: 3072 KB
physical id	: 0
siblings	: 4
core id		: 1
cpu cores	: 2
apicid		: 2
initial apicid	: 2
fpu		: yes
fpu_exception	: yes
cpuid level	: 13
wp		: yes
flags		: fpu vme de pse tsc msr pae mce cx8 apic sep mtrr pge mca cmov pat pse36 clflush dts acpi mmx fxsr sse sse2 ss ht tm pbe syscall nx rdtscp lm constant_tsc arch_perfmon pebs bts rep_good nopl xtopology nonstop_tsc aperfmperf eagerfpu pni pclmulqdq dtes64 monitor ds_cpl vmx est tm2 ssse3 cx16 xtpr pdcm pcid sse4_1 sse4_2 x2apic popcnt tsc_deadline_timer aes xsave avx f16c rdrand lahf_lm ida arat epb xsaveopt pln pts dtherm tpr_shadow vnmi flexpriority ept vpid fsgsbase smep erms
bogomips	: 4988.41
clflush size	: 64
cache_alignment	: 64
address sizes	: 36 bits physical, 48 bits virtual
power management:

processor	: 3
vendor_id	: GenuineIntel
cpu family	: 6
model		: 58
model name	: Intel(R) Core(TM) i5-3210M CPU @ 2.50GHz
stepping	: 9
microcode	: 0x15
cpu MHz		: 2500.000
cache size	: 3072 KB
physical id	: 0
siblings	: 4
core id		: 1
cpu cores	: 2
apicid		: 3
initial apicid	: 3
fpu		: yes
fpu_exception	: yes
cpuid level	: 13
wp		: yes
flags		: fpu vme de pse tsc msr pae mce cx8 apic sep mtrr pge mca cmov pat pse36 clflush dts acpi mmx fxsr sse sse2 ss ht tm pbe syscall nx rdtscp lm constant_tsc arch_perfmon pebs bts rep_good nopl xtopology nonstop_tsc aperfmperf eagerfpu pni pclmulqdq dtes64 monitor ds_cpl vmx est tm2 ssse3 cx16 xtpr pdcm pcid sse4_1 sse4_2 x2apic popcnt tsc_deadline_timer aes xsave avx f16c rdrand lahf_lm ida arat epb xsaveopt pln pts dtherm tpr_shadow vnmi flexpriority ept vpid fsgsbase smep erms
bogomips	: 4988.41
clflush size	: 64
cache_alignment	: 64
address sizes	: 36 bits physical, 48 bits virtual
power management:



Memory: 4k page, physical 8042464k(154428k free), swap 0k(0k free)

vm_info: OpenJDK 64-Bit Server VM (24.65-b04) for linux-amd64 JRE (1.7.0_65-b32), built on Oct 22 2014 04:37:44 by "buildd" with gcc 4.8.2

time: Sat Feb 21 20:03:23 2015
elapsed time: 5 seconds

